27-Dec-2023 21:38:17.965 INFO [main] org.apache.catalina.startup.VersionLoggerListener.log Server version name:   Apache Tomcat/9.0.62
27-Dec-2023 21:38:17.969 INFO [main] org.apache.catalina.startup.VersionLoggerListener.log Server built:          Mar 31 2022 14:34:15 UTC
27-Dec-2023 21:38:17.969 INFO [main] org.apache.catalina.startup.VersionLoggerListener.log Server version number: 9.0.62.0
27-Dec-2023 21:38:17.970 INFO [main] org.apache.catalina.startup.VersionLoggerListener.log OS Name:               Windows 11
27-Dec-2023 21:38:17.970 INFO [main] org.apache.catalina.startup.VersionLoggerListener.log OS Version:            10.0
27-Dec-2023 21:38:17.970 INFO [main] org.apache.catalina.startup.VersionLoggerListener.log Architecture:          amd64
27-Dec-2023 21:38:17.970 INFO [main] org.apache.catalina.startup.VersionLoggerListener.log Java Home:             C:\Program Files\Java\jdk-17
27-Dec-2023 21:38:17.970 INFO [main] org.apache.catalina.startup.VersionLoggerListener.log JVM Version:           17.0.8+9-LTS-211
27-Dec-2023 21:38:17.970 INFO [main] org.apache.catalina.startup.VersionLoggerListener.log JVM Vendor:            Oracle Corporation
27-Dec-2023 21:38:17.970 INFO [main] org.apache.catalina.startup.VersionLoggerListener.log CATALINA_BASE:         F:\WebProject\project-final-main
27-Dec-2023 21:38:17.970 INFO [main] org.apache.catalina.startup.VersionLoggerListener.log CATALINA_HOME:         F:\Javaweb\apache-tomcat-9.0.62
27-Dec-2023 21:38:17.981 INFO [main] org.apache.catalina.startup.VersionLoggerListener.log Command line argument: --add-opens=java.base/java.lang=ALL-UNNAMED
27-Dec-2023 21:38:17.981 INFO [main] org.apache.catalina.startup.VersionLoggerListener.log Command line argument: --add-opens=java.base/java.io=ALL-UNNAMED
27-Dec-2023 21:38:17.981 INFO [main] org.apache.catalina.startup.VersionLoggerListener.log Command line argument: --add-opens=java.base/java.util=ALL-UNNAMED
27-Dec-2023 21:38:17.981 INFO [main] org.apache.catalina.startup.VersionLoggerListener.log Command line argument: --add-opens=java.base/java.util.concurrent=ALL-UNNAMED
27-Dec-2023 21:38:17.981 INFO [main] org.apache.catalina.startup.VersionLoggerListener.log Command line argument: --add-opens=java.rmi/sun.rmi.transport=ALL-UNNAMED
27-Dec-2023 21:38:17.981 INFO [main] org.apache.catalina.startup.VersionLoggerListener.log Command line argument: -Dcatalina.home=F:\Javaweb\apache-tomcat-9.0.62
27-Dec-2023 21:38:17.981 INFO [main] org.apache.catalina.startup.VersionLoggerListener.log Command line argument: -Dcatalina.base=F:\WebProject\project-final-main
27-Dec-2023 21:38:17.982 INFO [main] org.apache.catalina.startup.VersionLoggerListener.log Command line argument: -Djava.io.tmpdir=F:\WebProject\project-final-main\temp
27-Dec-2023 21:38:17.982 INFO [main] org.apache.catalina.startup.VersionLoggerListener.log Command line argument: -Djava.util.logging.config.file=F:\WebProject\project-final-main\conf\logging.properties
27-Dec-2023 21:38:17.982 INFO [main] org.apache.catalina.startup.VersionLoggerListener.log Command line argument: -Djava.util.logging.manager=org.apache.juli.ClassLoaderLogManager
27-Dec-2023 21:38:17.982 INFO [main] org.apache.catalina.startup.VersionLoggerListener.log Command line argument: -javaagent:E:\Inteliji\IntelliJ IDEA Community Edition 2023.2.1\lib\idea_rt.jar=54230:E:\Inteliji\IntelliJ IDEA Community Edition 2023.2.1\bin
27-Dec-2023 21:38:17.982 INFO [main] org.apache.catalina.startup.VersionLoggerListener.log Command line argument: -Dfile.encoding=UTF-8
27-Dec-2023 21:38:18.017 INFO [main] org.apache.catalina.core.AprLifecycleListener.lifecycleEvent Loaded Apache Tomcat Native library [1.2.32] using APR version [1.7.0].
27-Dec-2023 21:38:18.017 INFO [main] org.apache.catalina.core.AprLifecycleListener.lifecycleEvent APR capabilities: IPv6 [true], sendfile [true], accept filters [false], random [true], UDS [true].
27-Dec-2023 21:38:18.018 INFO [main] org.apache.catalina.core.AprLifecycleListener.lifecycleEvent APR/OpenSSL configuration: useAprConnector [false], useOpenSSL [true]
27-Dec-2023 21:38:18.037 INFO [main] org.apache.catalina.core.AprLifecycleListener.initializeSSL OpenSSL successfully initialized [OpenSSL 1.1.1n  15 Mar 2022]
27-Dec-2023 21:38:18.365 INFO [main] org.apache.coyote.AbstractProtocol.init Initializing ProtocolHandler ["http-nio-8083"]
27-Dec-2023 21:38:18.387 INFO [main] org.apache.catalina.startup.Catalina.load Server initialization in [668] milliseconds
27-Dec-2023 21:38:18.435 INFO [main] org.apache.catalina.core.StandardService.startInternal Starting service [Catalina]
27-Dec-2023 21:38:18.435 INFO [main] org.apache.catalina.core.StandardEngine.startInternal Starting Servlet engine: [Apache Tomcat/9.0.62]
27-Dec-2023 21:38:18.444 INFO [main] org.apache.catalina.startup.HostConfig.deployDescriptor Deploying deployment descriptor [F:\WebProject\project-final-main\conf\Catalina\localhost\ROOT.xml]
27-Dec-2023 21:38:18.464 WARNING [main] org.apache.catalina.startup.HostConfig.deployDescriptor The path attribute with value [/Spring_MVC_Project_Final] in deployment descriptor [F:\WebProject\project-final-main\conf\Catalina\localhost\ROOT.xml] has been ignored
27-Dec-2023 21:38:21.852 INFO [main] org.apache.jasper.servlet.TldScanner.scanJars At least one JAR was scanned for TLDs yet contained no TLDs. Enable debug logging for this logger for a complete list of JARs that were scanned but no TLDs were found in them. Skipping unneeded JARs during scanning can improve startup time and JSP compilation time.
27-Dec-2023 21:38:29.611 INFO [main] org.apache.catalina.startup.HostConfig.deployDescriptor Deployment of deployment descriptor [F:\WebProject\project-final-main\conf\Catalina\localhost\ROOT.xml] has finished in [11,165] ms
27-Dec-2023 21:38:29.613 INFO [main] org.apache.coyote.AbstractProtocol.start Starting ProtocolHandler ["http-nio-8083"]
27-Dec-2023 21:38:29.633 INFO [main] org.apache.catalina.startup.Catalina.start Server startup in [11244] milliseconds
27-Dec-2023 21:46:31.211 INFO [Thread-2] org.apache.coyote.AbstractProtocol.pause Pausing ProtocolHandler ["http-nio-8083"]
27-Dec-2023 21:46:31.222 INFO [Thread-2] org.apache.catalina.core.StandardService.stopInternal Stopping service [Catalina]
27-Dec-2023 21:46:31.258 WARNING [Thread-2] org.apache.catalina.loader.WebappClassLoaderBase.clearReferencesJdbc The web application [ROOT] registered the JDBC driver [com.mysql.cj.jdbc.Driver] but failed to unregister it when the web application was stopped. To prevent a memory leak, the JDBC Driver has been forcibly unregistered.
27-Dec-2023 21:46:31.259 WARNING [Thread-2] org.apache.catalina.loader.WebappClassLoaderBase.clearReferencesThreads The web application [ROOT] appears to have started a thread named [mysql-cj-abandoned-connection-cleanup] but has failed to stop it. This is very likely to create a memory leak. Stack trace of thread:
 java.base@17.0.8/java.lang.Object.wait(Native Method)
 java.base@17.0.8/java.lang.ref.ReferenceQueue.remove(ReferenceQueue.java:155)
 com.mysql.cj.jdbc.AbandonedConnectionCleanupThread.run(AbandonedConnectionCleanupThread.java:91)
 java.base@17.0.8/java.util.concurrent.ThreadPoolExecutor.runWorker(ThreadPoolExecutor.java:1136)
 java.base@17.0.8/java.util.concurrent.ThreadPoolExecutor$Worker.run(ThreadPoolExecutor.java:635)
 java.base@17.0.8/java.lang.Thread.run(Thread.java:833)
27-Dec-2023 21:46:31.260 WARNING [Thread-2] org.apache.catalina.loader.WebappClassLoaderBase.clearReferencesObjectStreamClassCaches Failed to clear soft references from ObjectStreamClass$Caches for web application [ROOT]
	java.lang.ClassCastException: class java.io.ObjectStreamClass$Caches$1 cannot be cast to class java.util.Map (java.io.ObjectStreamClass$Caches$1 and java.util.Map are in module java.base of loader 'bootstrap')
		at org.apache.catalina.loader.WebappClassLoaderBase.clearCache(WebappClassLoaderBase.java:2336)
		at org.apache.catalina.loader.WebappClassLoaderBase.clearReferencesObjectStreamClassCaches(WebappClassLoaderBase.java:2311)
		at org.apache.catalina.loader.WebappClassLoaderBase.clearReferences(WebappClassLoaderBase.java:1674)
		at org.apache.catalina.loader.WebappClassLoaderBase.stop(WebappClassLoaderBase.java:1602)
		at org.apache.catalina.loader.WebappLoader.stopInternal(WebappLoader.java:463)
		at org.apache.catalina.util.LifecycleBase.stop(LifecycleBase.java:257)
		at org.apache.catalina.core.StandardContext.stopInternal(StandardContext.java:5515)
		at org.apache.catalina.util.LifecycleBase.stop(LifecycleBase.java:257)
		at org.apache.catalina.core.ContainerBase$StopChild.call(ContainerBase.java:1412)
		at org.apache.catalina.core.ContainerBase$StopChild.call(ContainerBase.java:1401)
		at java.base/java.util.concurrent.FutureTask.run(FutureTask.java:264)
		at org.apache.tomcat.util.threads.InlineExecutorService.execute(InlineExecutorService.java:75)
		at java.base/java.util.concurrent.AbstractExecutorService.submit(AbstractExecutorService.java:145)
		at org.apache.catalina.core.ContainerBase.stopInternal(ContainerBase.java:986)
		at org.apache.catalina.util.LifecycleBase.stop(LifecycleBase.java:257)
		at org.apache.catalina.core.ContainerBase$StopChild.call(ContainerBase.java:1412)
		at org.apache.catalina.core.ContainerBase$StopChild.call(ContainerBase.java:1401)
		at java.base/java.util.concurrent.FutureTask.run(FutureTask.java:264)
		at org.apache.tomcat.util.threads.InlineExecutorService.execute(InlineExecutorService.java:75)
		at java.base/java.util.concurrent.AbstractExecutorService.submit(AbstractExecutorService.java:145)
		at org.apache.catalina.core.ContainerBase.stopInternal(ContainerBase.java:986)
		at org.apache.catalina.util.LifecycleBase.stop(LifecycleBase.java:257)
		at org.apache.catalina.core.StandardService.stopInternal(StandardService.java:497)
		at org.apache.catalina.util.LifecycleBase.stop(LifecycleBase.java:257)
		at org.apache.catalina.core.StandardServer.stopInternal(StandardServer.java:979)
		at org.apache.catalina.util.LifecycleBase.stop(LifecycleBase.java:257)
		at org.apache.catalina.startup.Catalina.stop(Catalina.java:849)
		at org.apache.catalina.startup.Catalina$CatalinaShutdownHook.run(Catalina.java:996)
27-Dec-2023 21:46:31.266 INFO [Thread-2] org.apache.coyote.AbstractProtocol.stop Stopping ProtocolHandler ["http-nio-8083"]
27-Dec-2023 21:46:31.282 INFO [Thread-2] org.apache.coyote.AbstractProtocol.destroy Destroying ProtocolHandler ["http-nio-8083"]
27-Dec-2023 21:46:35.701 INFO [main] org.apache.catalina.startup.VersionLoggerListener.log Server version name:   Apache Tomcat/9.0.62
27-Dec-2023 21:46:35.705 INFO [main] org.apache.catalina.startup.VersionLoggerListener.log Server built:          Mar 31 2022 14:34:15 UTC
27-Dec-2023 21:46:35.705 INFO [main] org.apache.catalina.startup.VersionLoggerListener.log Server version number: 9.0.62.0
27-Dec-2023 21:46:35.705 INFO [main] org.apache.catalina.startup.VersionLoggerListener.log OS Name:               Windows 11
27-Dec-2023 21:46:35.705 INFO [main] org.apache.catalina.startup.VersionLoggerListener.log OS Version:            10.0
27-Dec-2023 21:46:35.706 INFO [main] org.apache.catalina.startup.VersionLoggerListener.log Architecture:          amd64
27-Dec-2023 21:46:35.706 INFO [main] org.apache.catalina.startup.VersionLoggerListener.log Java Home:             C:\Program Files\Java\jdk-17
27-Dec-2023 21:46:35.706 INFO [main] org.apache.catalina.startup.VersionLoggerListener.log JVM Version:           17.0.8+9-LTS-211
27-Dec-2023 21:46:35.706 INFO [main] org.apache.catalina.startup.VersionLoggerListener.log JVM Vendor:            Oracle Corporation
27-Dec-2023 21:46:35.706 INFO [main] org.apache.catalina.startup.VersionLoggerListener.log CATALINA_BASE:         F:\WebProject\project-final-main
27-Dec-2023 21:46:35.706 INFO [main] org.apache.catalina.startup.VersionLoggerListener.log CATALINA_HOME:         F:\Javaweb\apache-tomcat-9.0.62
27-Dec-2023 21:46:35.719 INFO [main] org.apache.catalina.startup.VersionLoggerListener.log Command line argument: --add-opens=java.base/java.lang=ALL-UNNAMED
27-Dec-2023 21:46:35.719 INFO [main] org.apache.catalina.startup.VersionLoggerListener.log Command line argument: --add-opens=java.base/java.io=ALL-UNNAMED
27-Dec-2023 21:46:35.719 INFO [main] org.apache.catalina.startup.VersionLoggerListener.log Command line argument: --add-opens=java.base/java.util=ALL-UNNAMED
27-Dec-2023 21:46:35.719 INFO [main] org.apache.catalina.startup.VersionLoggerListener.log Command line argument: --add-opens=java.base/java.util.concurrent=ALL-UNNAMED
27-Dec-2023 21:46:35.719 INFO [main] org.apache.catalina.startup.VersionLoggerListener.log Command line argument: --add-opens=java.rmi/sun.rmi.transport=ALL-UNNAMED
27-Dec-2023 21:46:35.719 INFO [main] org.apache.catalina.startup.VersionLoggerListener.log Command line argument: -Dcatalina.home=F:\Javaweb\apache-tomcat-9.0.62
27-Dec-2023 21:46:35.719 INFO [main] org.apache.catalina.startup.VersionLoggerListener.log Command line argument: -Dcatalina.base=F:\WebProject\project-final-main
27-Dec-2023 21:46:35.719 INFO [main] org.apache.catalina.startup.VersionLoggerListener.log Command line argument: -Djava.io.tmpdir=F:\WebProject\project-final-main\temp
27-Dec-2023 21:46:35.720 INFO [main] org.apache.catalina.startup.VersionLoggerListener.log Command line argument: -Djava.util.logging.config.file=F:\WebProject\project-final-main\conf\logging.properties
27-Dec-2023 21:46:35.720 INFO [main] org.apache.catalina.startup.VersionLoggerListener.log Command line argument: -Djava.util.logging.manager=org.apache.juli.ClassLoaderLogManager
27-Dec-2023 21:46:35.720 INFO [main] org.apache.catalina.startup.VersionLoggerListener.log Command line argument: -javaagent:E:\Inteliji\IntelliJ IDEA Community Edition 2023.2.1\lib\idea_rt.jar=54517:E:\Inteliji\IntelliJ IDEA Community Edition 2023.2.1\bin
27-Dec-2023 21:46:35.720 INFO [main] org.apache.catalina.startup.VersionLoggerListener.log Command line argument: -Dfile.encoding=UTF-8
27-Dec-2023 21:46:35.724 INFO [main] org.apache.catalina.core.AprLifecycleListener.lifecycleEvent Loaded Apache Tomcat Native library [1.2.32] using APR version [1.7.0].
27-Dec-2023 21:46:35.724 INFO [main] org.apache.catalina.core.AprLifecycleListener.lifecycleEvent APR capabilities: IPv6 [true], sendfile [true], accept filters [false], random [true], UDS [true].
27-Dec-2023 21:46:35.724 INFO [main] org.apache.catalina.core.AprLifecycleListener.lifecycleEvent APR/OpenSSL configuration: useAprConnector [false], useOpenSSL [true]
27-Dec-2023 21:46:35.730 INFO [main] org.apache.catalina.core.AprLifecycleListener.initializeSSL OpenSSL successfully initialized [OpenSSL 1.1.1n  15 Mar 2022]
27-Dec-2023 21:46:36.091 INFO [main] org.apache.coyote.AbstractProtocol.init Initializing ProtocolHandler ["http-nio-8083"]
27-Dec-2023 21:46:36.112 INFO [main] org.apache.catalina.startup.Catalina.load Server initialization in [604] milliseconds
27-Dec-2023 21:46:36.155 INFO [main] org.apache.catalina.core.StandardService.startInternal Starting service [Catalina]
27-Dec-2023 21:46:36.155 INFO [main] org.apache.catalina.core.StandardEngine.startInternal Starting Servlet engine: [Apache Tomcat/9.0.62]
27-Dec-2023 21:46:36.166 INFO [main] org.apache.catalina.startup.HostConfig.deployDescriptor Deploying deployment descriptor [F:\WebProject\project-final-main\conf\Catalina\localhost\ROOT.xml]
27-Dec-2023 21:46:36.190 WARNING [main] org.apache.catalina.startup.HostConfig.deployDescriptor The path attribute with value [/Spring_MVC_Project_Final] in deployment descriptor [F:\WebProject\project-final-main\conf\Catalina\localhost\ROOT.xml] has been ignored
27-Dec-2023 21:46:38.964 INFO [main] org.apache.jasper.servlet.TldScanner.scanJars At least one JAR was scanned for TLDs yet contained no TLDs. Enable debug logging for this logger for a complete list of JARs that were scanned but no TLDs were found in them. Skipping unneeded JARs during scanning can improve startup time and JSP compilation time.
27-Dec-2023 21:46:46.043 INFO [main] org.apache.catalina.startup.HostConfig.deployDescriptor Deployment of deployment descriptor [F:\WebProject\project-final-main\conf\Catalina\localhost\ROOT.xml] has finished in [9,874] ms
27-Dec-2023 21:46:46.049 INFO [main] org.apache.coyote.AbstractProtocol.start Starting ProtocolHandler ["http-nio-8083"]
27-Dec-2023 21:46:46.087 INFO [main] org.apache.catalina.startup.Catalina.start Server startup in [9973] milliseconds
27-Dec-2023 21:52:15.007 INFO [Thread-2] org.apache.coyote.AbstractProtocol.pause Pausing ProtocolHandler ["http-nio-8083"]
27-Dec-2023 21:52:15.015 INFO [Thread-2] org.apache.catalina.core.StandardService.stopInternal Stopping service [Catalina]
27-Dec-2023 21:52:15.055 WARNING [Thread-2] org.apache.catalina.loader.WebappClassLoaderBase.clearReferencesJdbc The web application [ROOT] registered the JDBC driver [com.mysql.cj.jdbc.Driver] but failed to unregister it when the web application was stopped. To prevent a memory leak, the JDBC Driver has been forcibly unregistered.
27-Dec-2023 21:52:15.056 WARNING [Thread-2] org.apache.catalina.loader.WebappClassLoaderBase.clearReferencesThreads The web application [ROOT] appears to have started a thread named [mysql-cj-abandoned-connection-cleanup] but has failed to stop it. This is very likely to create a memory leak. Stack trace of thread:
 java.base@17.0.8/java.lang.Object.wait(Native Method)
 java.base@17.0.8/java.lang.ref.ReferenceQueue.remove(ReferenceQueue.java:155)
 com.mysql.cj.jdbc.AbandonedConnectionCleanupThread.run(AbandonedConnectionCleanupThread.java:91)
 java.base@17.0.8/java.util.concurrent.ThreadPoolExecutor.runWorker(ThreadPoolExecutor.java:1136)
 java.base@17.0.8/java.util.concurrent.ThreadPoolExecutor$Worker.run(ThreadPoolExecutor.java:635)
 java.base@17.0.8/java.lang.Thread.run(Thread.java:833)
27-Dec-2023 21:52:15.056 WARNING [Thread-2] org.apache.catalina.loader.WebappClassLoaderBase.clearReferencesObjectStreamClassCaches Failed to clear soft references from ObjectStreamClass$Caches for web application [ROOT]
	java.lang.ClassCastException: class java.io.ObjectStreamClass$Caches$1 cannot be cast to class java.util.Map (java.io.ObjectStreamClass$Caches$1 and java.util.Map are in module java.base of loader 'bootstrap')
		at org.apache.catalina.loader.WebappClassLoaderBase.clearCache(WebappClassLoaderBase.java:2336)
		at org.apache.catalina.loader.WebappClassLoaderBase.clearReferencesObjectStreamClassCaches(WebappClassLoaderBase.java:2311)
		at org.apache.catalina.loader.WebappClassLoaderBase.clearReferences(WebappClassLoaderBase.java:1674)
		at org.apache.catalina.loader.WebappClassLoaderBase.stop(WebappClassLoaderBase.java:1602)
		at org.apache.catalina.loader.WebappLoader.stopInternal(WebappLoader.java:463)
		at org.apache.catalina.util.LifecycleBase.stop(LifecycleBase.java:257)
		at org.apache.catalina.core.StandardContext.stopInternal(StandardContext.java:5515)
		at org.apache.catalina.util.LifecycleBase.stop(LifecycleBase.java:257)
		at org.apache.catalina.core.ContainerBase$StopChild.call(ContainerBase.java:1412)
		at org.apache.catalina.core.ContainerBase$StopChild.call(ContainerBase.java:1401)
		at java.base/java.util.concurrent.FutureTask.run(FutureTask.java:264)
		at org.apache.tomcat.util.threads.InlineExecutorService.execute(InlineExecutorService.java:75)
		at java.base/java.util.concurrent.AbstractExecutorService.submit(AbstractExecutorService.java:145)
		at org.apache.catalina.core.ContainerBase.stopInternal(ContainerBase.java:986)
		at org.apache.catalina.util.LifecycleBase.stop(LifecycleBase.java:257)
		at org.apache.catalina.core.ContainerBase$StopChild.call(ContainerBase.java:1412)
		at org.apache.catalina.core.ContainerBase$StopChild.call(ContainerBase.java:1401)
		at java.base/java.util.concurrent.FutureTask.run(FutureTask.java:264)
		at org.apache.tomcat.util.threads.InlineExecutorService.execute(InlineExecutorService.java:75)
		at java.base/java.util.concurrent.AbstractExecutorService.submit(AbstractExecutorService.java:145)
		at org.apache.catalina.core.ContainerBase.stopInternal(ContainerBase.java:986)
		at org.apache.catalina.util.LifecycleBase.stop(LifecycleBase.java:257)
		at org.apache.catalina.core.StandardService.stopInternal(StandardService.java:497)
		at org.apache.catalina.util.LifecycleBase.stop(LifecycleBase.java:257)
		at org.apache.catalina.core.StandardServer.stopInternal(StandardServer.java:979)
		at org.apache.catalina.util.LifecycleBase.stop(LifecycleBase.java:257)
		at org.apache.catalina.startup.Catalina.stop(Catalina.java:849)
		at org.apache.catalina.startup.Catalina$CatalinaShutdownHook.run(Catalina.java:996)
27-Dec-2023 21:52:15.062 INFO [Thread-2] org.apache.coyote.AbstractProtocol.stop Stopping ProtocolHandler ["http-nio-8083"]
27-Dec-2023 21:52:15.073 INFO [Thread-2] org.apache.coyote.AbstractProtocol.destroy Destroying ProtocolHandler ["http-nio-8083"]
27-Dec-2023 21:52:19.497 INFO [main] org.apache.catalina.startup.VersionLoggerListener.log Server version name:   Apache Tomcat/9.0.62
27-Dec-2023 21:52:19.501 INFO [main] org.apache.catalina.startup.VersionLoggerListener.log Server built:          Mar 31 2022 14:34:15 UTC
27-Dec-2023 21:52:19.501 INFO [main] org.apache.catalina.startup.VersionLoggerListener.log Server version number: 9.0.62.0
27-Dec-2023 21:52:19.501 INFO [main] org.apache.catalina.startup.VersionLoggerListener.log OS Name:               Windows 11
27-Dec-2023 21:52:19.501 INFO [main] org.apache.catalina.startup.VersionLoggerListener.log OS Version:            10.0
27-Dec-2023 21:52:19.502 INFO [main] org.apache.catalina.startup.VersionLoggerListener.log Architecture:          amd64
27-Dec-2023 21:52:19.502 INFO [main] org.apache.catalina.startup.VersionLoggerListener.log Java Home:             C:\Program Files\Java\jdk-17
27-Dec-2023 21:52:19.502 INFO [main] org.apache.catalina.startup.VersionLoggerListener.log JVM Version:           17.0.8+9-LTS-211
27-Dec-2023 21:52:19.502 INFO [main] org.apache.catalina.startup.VersionLoggerListener.log JVM Vendor:            Oracle Corporation
27-Dec-2023 21:52:19.502 INFO [main] org.apache.catalina.startup.VersionLoggerListener.log CATALINA_BASE:         F:\WebProject\project-final-main
27-Dec-2023 21:52:19.502 INFO [main] org.apache.catalina.startup.VersionLoggerListener.log CATALINA_HOME:         F:\Javaweb\apache-tomcat-9.0.62
27-Dec-2023 21:52:19.512 INFO [main] org.apache.catalina.startup.VersionLoggerListener.log Command line argument: --add-opens=java.base/java.lang=ALL-UNNAMED
27-Dec-2023 21:52:19.512 INFO [main] org.apache.catalina.startup.VersionLoggerListener.log Command line argument: --add-opens=java.base/java.io=ALL-UNNAMED
27-Dec-2023 21:52:19.512 INFO [main] org.apache.catalina.startup.VersionLoggerListener.log Command line argument: --add-opens=java.base/java.util=ALL-UNNAMED
27-Dec-2023 21:52:19.512 INFO [main] org.apache.catalina.startup.VersionLoggerListener.log Command line argument: --add-opens=java.base/java.util.concurrent=ALL-UNNAMED
27-Dec-2023 21:52:19.513 INFO [main] org.apache.catalina.startup.VersionLoggerListener.log Command line argument: --add-opens=java.rmi/sun.rmi.transport=ALL-UNNAMED
27-Dec-2023 21:52:19.513 INFO [main] org.apache.catalina.startup.VersionLoggerListener.log Command line argument: -Dcatalina.home=F:\Javaweb\apache-tomcat-9.0.62
27-Dec-2023 21:52:19.513 INFO [main] org.apache.catalina.startup.VersionLoggerListener.log Command line argument: -Dcatalina.base=F:\WebProject\project-final-main
27-Dec-2023 21:52:19.513 INFO [main] org.apache.catalina.startup.VersionLoggerListener.log Command line argument: -Djava.io.tmpdir=F:\WebProject\project-final-main\temp
27-Dec-2023 21:52:19.513 INFO [main] org.apache.catalina.startup.VersionLoggerListener.log Command line argument: -Djava.util.logging.config.file=F:\WebProject\project-final-main\conf\logging.properties
27-Dec-2023 21:52:19.513 INFO [main] org.apache.catalina.startup.VersionLoggerListener.log Command line argument: -Djava.util.logging.manager=org.apache.juli.ClassLoaderLogManager
27-Dec-2023 21:52:19.513 INFO [main] org.apache.catalina.startup.VersionLoggerListener.log Command line argument: -javaagent:E:\Inteliji\IntelliJ IDEA Community Edition 2023.2.1\lib\idea_rt.jar=54617:E:\Inteliji\IntelliJ IDEA Community Edition 2023.2.1\bin
27-Dec-2023 21:52:19.513 INFO [main] org.apache.catalina.startup.VersionLoggerListener.log Command line argument: -Dfile.encoding=UTF-8
27-Dec-2023 21:52:19.516 INFO [main] org.apache.catalina.core.AprLifecycleListener.lifecycleEvent Loaded Apache Tomcat Native library [1.2.32] using APR version [1.7.0].
27-Dec-2023 21:52:19.517 INFO [main] org.apache.catalina.core.AprLifecycleListener.lifecycleEvent APR capabilities: IPv6 [true], sendfile [true], accept filters [false], random [true], UDS [true].
27-Dec-2023 21:52:19.517 INFO [main] org.apache.catalina.core.AprLifecycleListener.lifecycleEvent APR/OpenSSL configuration: useAprConnector [false], useOpenSSL [true]
27-Dec-2023 21:52:19.521 INFO [main] org.apache.catalina.core.AprLifecycleListener.initializeSSL OpenSSL successfully initialized [OpenSSL 1.1.1n  15 Mar 2022]
27-Dec-2023 21:52:19.880 INFO [main] org.apache.coyote.AbstractProtocol.init Initializing ProtocolHandler ["http-nio-8083"]
27-Dec-2023 21:52:19.907 INFO [main] org.apache.catalina.startup.Catalina.load Server initialization in [597] milliseconds
27-Dec-2023 21:52:19.951 INFO [main] org.apache.catalina.core.StandardService.startInternal Starting service [Catalina]
27-Dec-2023 21:52:19.951 INFO [main] org.apache.catalina.core.StandardEngine.startInternal Starting Servlet engine: [Apache Tomcat/9.0.62]
27-Dec-2023 21:52:19.961 INFO [main] org.apache.catalina.startup.HostConfig.deployDescriptor Deploying deployment descriptor [F:\WebProject\project-final-main\conf\Catalina\localhost\ROOT.xml]
27-Dec-2023 21:52:19.981 WARNING [main] org.apache.catalina.startup.HostConfig.deployDescriptor The path attribute with value [/Spring_MVC_Project_Final] in deployment descriptor [F:\WebProject\project-final-main\conf\Catalina\localhost\ROOT.xml] has been ignored
27-Dec-2023 21:52:22.732 INFO [main] org.apache.jasper.servlet.TldScanner.scanJars At least one JAR was scanned for TLDs yet contained no TLDs. Enable debug logging for this logger for a complete list of JARs that were scanned but no TLDs were found in them. Skipping unneeded JARs during scanning can improve startup time and JSP compilation time.
27-Dec-2023 21:52:29.377 INFO [main] org.apache.catalina.startup.HostConfig.deployDescriptor Deployment of deployment descriptor [F:\WebProject\project-final-main\conf\Catalina\localhost\ROOT.xml] has finished in [9,413] ms
27-Dec-2023 21:52:29.380 INFO [main] org.apache.coyote.AbstractProtocol.start Starting ProtocolHandler ["http-nio-8083"]
27-Dec-2023 21:52:29.399 INFO [main] org.apache.catalina.startup.Catalina.start Server startup in [9491] milliseconds
27-Dec-2023 21:54:16.335 INFO [Thread-2] org.apache.coyote.AbstractProtocol.pause Pausing ProtocolHandler ["http-nio-8083"]
27-Dec-2023 21:54:16.345 INFO [Thread-2] org.apache.catalina.core.StandardService.stopInternal Stopping service [Catalina]
27-Dec-2023 21:54:16.384 WARNING [Thread-2] org.apache.catalina.loader.WebappClassLoaderBase.clearReferencesJdbc The web application [ROOT] registered the JDBC driver [com.mysql.cj.jdbc.Driver] but failed to unregister it when the web application was stopped. To prevent a memory leak, the JDBC Driver has been forcibly unregistered.
27-Dec-2023 21:54:16.385 WARNING [Thread-2] org.apache.catalina.loader.WebappClassLoaderBase.clearReferencesThreads The web application [ROOT] appears to have started a thread named [mysql-cj-abandoned-connection-cleanup] but has failed to stop it. This is very likely to create a memory leak. Stack trace of thread:
 java.base@17.0.8/java.lang.Object.wait(Native Method)
 java.base@17.0.8/java.lang.ref.ReferenceQueue.remove(ReferenceQueue.java:155)
 com.mysql.cj.jdbc.AbandonedConnectionCleanupThread.run(AbandonedConnectionCleanupThread.java:91)
 java.base@17.0.8/java.util.concurrent.ThreadPoolExecutor.runWorker(ThreadPoolExecutor.java:1136)
 java.base@17.0.8/java.util.concurrent.ThreadPoolExecutor$Worker.run(ThreadPoolExecutor.java:635)
 java.base@17.0.8/java.lang.Thread.run(Thread.java:833)
27-Dec-2023 21:54:16.386 WARNING [Thread-2] org.apache.catalina.loader.WebappClassLoaderBase.clearReferencesObjectStreamClassCaches Failed to clear soft references from ObjectStreamClass$Caches for web application [ROOT]
	java.lang.ClassCastException: class java.io.ObjectStreamClass$Caches$1 cannot be cast to class java.util.Map (java.io.ObjectStreamClass$Caches$1 and java.util.Map are in module java.base of loader 'bootstrap')
		at org.apache.catalina.loader.WebappClassLoaderBase.clearCache(WebappClassLoaderBase.java:2336)
		at org.apache.catalina.loader.WebappClassLoaderBase.clearReferencesObjectStreamClassCaches(WebappClassLoaderBase.java:2311)
		at org.apache.catalina.loader.WebappClassLoaderBase.clearReferences(WebappClassLoaderBase.java:1674)
		at org.apache.catalina.loader.WebappClassLoaderBase.stop(WebappClassLoaderBase.java:1602)
		at org.apache.catalina.loader.WebappLoader.stopInternal(WebappLoader.java:463)
		at org.apache.catalina.util.LifecycleBase.stop(LifecycleBase.java:257)
		at org.apache.catalina.core.StandardContext.stopInternal(StandardContext.java:5515)
		at org.apache.catalina.util.LifecycleBase.stop(LifecycleBase.java:257)
		at org.apache.catalina.core.ContainerBase$StopChild.call(ContainerBase.java:1412)
		at org.apache.catalina.core.ContainerBase$StopChild.call(ContainerBase.java:1401)
		at java.base/java.util.concurrent.FutureTask.run(FutureTask.java:264)
		at org.apache.tomcat.util.threads.InlineExecutorService.execute(InlineExecutorService.java:75)
		at java.base/java.util.concurrent.AbstractExecutorService.submit(AbstractExecutorService.java:145)
		at org.apache.catalina.core.ContainerBase.stopInternal(ContainerBase.java:986)
		at org.apache.catalina.util.LifecycleBase.stop(LifecycleBase.java:257)
		at org.apache.catalina.core.ContainerBase$StopChild.call(ContainerBase.java:1412)
		at org.apache.catalina.core.ContainerBase$StopChild.call(ContainerBase.java:1401)
		at java.base/java.util.concurrent.FutureTask.run(FutureTask.java:264)
		at org.apache.tomcat.util.threads.InlineExecutorService.execute(InlineExecutorService.java:75)
		at java.base/java.util.concurrent.AbstractExecutorService.submit(AbstractExecutorService.java:145)
		at org.apache.catalina.core.ContainerBase.stopInternal(ContainerBase.java:986)
		at org.apache.catalina.util.LifecycleBase.stop(LifecycleBase.java:257)
		at org.apache.catalina.core.StandardService.stopInternal(StandardService.java:497)
		at org.apache.catalina.util.LifecycleBase.stop(LifecycleBase.java:257)
		at org.apache.catalina.core.StandardServer.stopInternal(StandardServer.java:979)
		at org.apache.catalina.util.LifecycleBase.stop(LifecycleBase.java:257)
		at org.apache.catalina.startup.Catalina.stop(Catalina.java:849)
		at org.apache.catalina.startup.Catalina$CatalinaShutdownHook.run(Catalina.java:996)
27-Dec-2023 21:54:16.393 INFO [Thread-2] org.apache.coyote.AbstractProtocol.stop Stopping ProtocolHandler ["http-nio-8083"]
27-Dec-2023 21:54:16.400 INFO [Thread-2] org.apache.coyote.AbstractProtocol.destroy Destroying ProtocolHandler ["http-nio-8083"]
27-Dec-2023 21:55:51.251 INFO [main] org.apache.catalina.startup.VersionLoggerListener.log Server version name:   Apache Tomcat/9.0.62
27-Dec-2023 21:55:51.255 INFO [main] org.apache.catalina.startup.VersionLoggerListener.log Server built:          Mar 31 2022 14:34:15 UTC
27-Dec-2023 21:55:51.255 INFO [main] org.apache.catalina.startup.VersionLoggerListener.log Server version number: 9.0.62.0
27-Dec-2023 21:55:51.255 INFO [main] org.apache.catalina.startup.VersionLoggerListener.log OS Name:               Windows 11
27-Dec-2023 21:55:51.255 INFO [main] org.apache.catalina.startup.VersionLoggerListener.log OS Version:            10.0
27-Dec-2023 21:55:51.255 INFO [main] org.apache.catalina.startup.VersionLoggerListener.log Architecture:          amd64
27-Dec-2023 21:55:51.255 INFO [main] org.apache.catalina.startup.VersionLoggerListener.log Java Home:             C:\Program Files\Java\jdk-17
27-Dec-2023 21:55:51.256 INFO [main] org.apache.catalina.startup.VersionLoggerListener.log JVM Version:           17.0.8+9-LTS-211
27-Dec-2023 21:55:51.256 INFO [main] org.apache.catalina.startup.VersionLoggerListener.log JVM Vendor:            Oracle Corporation
27-Dec-2023 21:55:51.256 INFO [main] org.apache.catalina.startup.VersionLoggerListener.log CATALINA_BASE:         F:\WebProject\project-final-main
27-Dec-2023 21:55:51.256 INFO [main] org.apache.catalina.startup.VersionLoggerListener.log CATALINA_HOME:         F:\Javaweb\apache-tomcat-9.0.62
27-Dec-2023 21:55:51.267 INFO [main] org.apache.catalina.startup.VersionLoggerListener.log Command line argument: --add-opens=java.base/java.lang=ALL-UNNAMED
27-Dec-2023 21:55:51.267 INFO [main] org.apache.catalina.startup.VersionLoggerListener.log Command line argument: --add-opens=java.base/java.io=ALL-UNNAMED
27-Dec-2023 21:55:51.267 INFO [main] org.apache.catalina.startup.VersionLoggerListener.log Command line argument: --add-opens=java.base/java.util=ALL-UNNAMED
27-Dec-2023 21:55:51.267 INFO [main] org.apache.catalina.startup.VersionLoggerListener.log Command line argument: --add-opens=java.base/java.util.concurrent=ALL-UNNAMED
27-Dec-2023 21:55:51.268 INFO [main] org.apache.catalina.startup.VersionLoggerListener.log Command line argument: --add-opens=java.rmi/sun.rmi.transport=ALL-UNNAMED
27-Dec-2023 21:55:51.268 INFO [main] org.apache.catalina.startup.VersionLoggerListener.log Command line argument: -Dcatalina.home=F:\Javaweb\apache-tomcat-9.0.62
27-Dec-2023 21:55:51.268 INFO [main] org.apache.catalina.startup.VersionLoggerListener.log Command line argument: -Dcatalina.base=F:\WebProject\project-final-main
27-Dec-2023 21:55:51.268 INFO [main] org.apache.catalina.startup.VersionLoggerListener.log Command line argument: -Djava.io.tmpdir=F:\WebProject\project-final-main\temp
27-Dec-2023 21:55:51.268 INFO [main] org.apache.catalina.startup.VersionLoggerListener.log Command line argument: -Djava.util.logging.config.file=F:\WebProject\project-final-main\conf\logging.properties
27-Dec-2023 21:55:51.268 INFO [main] org.apache.catalina.startup.VersionLoggerListener.log Command line argument: -Djava.util.logging.manager=org.apache.juli.ClassLoaderLogManager
27-Dec-2023 21:55:51.268 INFO [main] org.apache.catalina.startup.VersionLoggerListener.log Command line argument: -javaagent:E:\Inteliji\IntelliJ IDEA Community Edition 2023.2.1\lib\idea_rt.jar=54703:E:\Inteliji\IntelliJ IDEA Community Edition 2023.2.1\bin
27-Dec-2023 21:55:51.268 INFO [main] org.apache.catalina.startup.VersionLoggerListener.log Command line argument: -Dfile.encoding=UTF-8
27-Dec-2023 21:55:51.272 INFO [main] org.apache.catalina.core.AprLifecycleListener.lifecycleEvent Loaded Apache Tomcat Native library [1.2.32] using APR version [1.7.0].
27-Dec-2023 21:55:51.272 INFO [main] org.apache.catalina.core.AprLifecycleListener.lifecycleEvent APR capabilities: IPv6 [true], sendfile [true], accept filters [false], random [true], UDS [true].
27-Dec-2023 21:55:51.272 INFO [main] org.apache.catalina.core.AprLifecycleListener.lifecycleEvent APR/OpenSSL configuration: useAprConnector [false], useOpenSSL [true]
27-Dec-2023 21:55:51.277 INFO [main] org.apache.catalina.core.AprLifecycleListener.initializeSSL OpenSSL successfully initialized [OpenSSL 1.1.1n  15 Mar 2022]
27-Dec-2023 21:55:51.623 INFO [main] org.apache.coyote.AbstractProtocol.init Initializing ProtocolHandler ["http-nio-8083"]
27-Dec-2023 21:55:51.647 INFO [main] org.apache.catalina.startup.Catalina.load Server initialization in [585] milliseconds
27-Dec-2023 21:55:51.698 INFO [main] org.apache.catalina.core.StandardService.startInternal Starting service [Catalina]
27-Dec-2023 21:55:51.698 INFO [main] org.apache.catalina.core.StandardEngine.startInternal Starting Servlet engine: [Apache Tomcat/9.0.62]
27-Dec-2023 21:55:51.708 INFO [main] org.apache.catalina.startup.HostConfig.deployDescriptor Deploying deployment descriptor [F:\WebProject\project-final-main\conf\Catalina\localhost\ROOT.xml]
27-Dec-2023 21:55:51.728 WARNING [main] org.apache.catalina.startup.HostConfig.deployDescriptor The path attribute with value [/Spring_MVC_Project_Final] in deployment descriptor [F:\WebProject\project-final-main\conf\Catalina\localhost\ROOT.xml] has been ignored
27-Dec-2023 21:55:54.418 INFO [main] org.apache.jasper.servlet.TldScanner.scanJars At least one JAR was scanned for TLDs yet contained no TLDs. Enable debug logging for this logger for a complete list of JARs that were scanned but no TLDs were found in them. Skipping unneeded JARs during scanning can improve startup time and JSP compilation time.
27-Dec-2023 21:56:01.234 INFO [main] org.apache.catalina.startup.HostConfig.deployDescriptor Deployment of deployment descriptor [F:\WebProject\project-final-main\conf\Catalina\localhost\ROOT.xml] has finished in [9,524] ms
27-Dec-2023 21:56:01.239 INFO [main] org.apache.coyote.AbstractProtocol.start Starting ProtocolHandler ["http-nio-8083"]
27-Dec-2023 21:56:01.260 INFO [main] org.apache.catalina.startup.Catalina.start Server startup in [9613] milliseconds
27-Dec-2023 22:11:27.779 INFO [Thread-2] org.apache.coyote.AbstractProtocol.pause Pausing ProtocolHandler ["http-nio-8083"]
27-Dec-2023 22:11:27.785 INFO [Thread-2] org.apache.catalina.core.StandardService.stopInternal Stopping service [Catalina]
27-Dec-2023 22:11:27.810 WARNING [Thread-2] org.apache.catalina.loader.WebappClassLoaderBase.clearReferencesJdbc The web application [ROOT] registered the JDBC driver [com.mysql.cj.jdbc.Driver] but failed to unregister it when the web application was stopped. To prevent a memory leak, the JDBC Driver has been forcibly unregistered.
27-Dec-2023 22:11:27.811 WARNING [Thread-2] org.apache.catalina.loader.WebappClassLoaderBase.clearReferencesThreads The web application [ROOT] appears to have started a thread named [mysql-cj-abandoned-connection-cleanup] but has failed to stop it. This is very likely to create a memory leak. Stack trace of thread:
 java.base@17.0.8/java.lang.Object.wait(Native Method)
 java.base@17.0.8/java.lang.ref.ReferenceQueue.remove(ReferenceQueue.java:155)
 com.mysql.cj.jdbc.AbandonedConnectionCleanupThread.run(AbandonedConnectionCleanupThread.java:91)
 java.base@17.0.8/java.util.concurrent.ThreadPoolExecutor.runWorker(ThreadPoolExecutor.java:1136)
 java.base@17.0.8/java.util.concurrent.ThreadPoolExecutor$Worker.run(ThreadPoolExecutor.java:635)
 java.base@17.0.8/java.lang.Thread.run(Thread.java:833)
27-Dec-2023 22:11:27.811 WARNING [Thread-2] org.apache.catalina.loader.WebappClassLoaderBase.clearReferencesObjectStreamClassCaches Failed to clear soft references from ObjectStreamClass$Caches for web application [ROOT]
	java.lang.ClassCastException: class java.io.ObjectStreamClass$Caches$1 cannot be cast to class java.util.Map (java.io.ObjectStreamClass$Caches$1 and java.util.Map are in module java.base of loader 'bootstrap')
		at org.apache.catalina.loader.WebappClassLoaderBase.clearCache(WebappClassLoaderBase.java:2336)
		at org.apache.catalina.loader.WebappClassLoaderBase.clearReferencesObjectStreamClassCaches(WebappClassLoaderBase.java:2311)
		at org.apache.catalina.loader.WebappClassLoaderBase.clearReferences(WebappClassLoaderBase.java:1674)
		at org.apache.catalina.loader.WebappClassLoaderBase.stop(WebappClassLoaderBase.java:1602)
		at org.apache.catalina.loader.WebappLoader.stopInternal(WebappLoader.java:463)
		at org.apache.catalina.util.LifecycleBase.stop(LifecycleBase.java:257)
		at org.apache.catalina.core.StandardContext.stopInternal(StandardContext.java:5515)
		at org.apache.catalina.util.LifecycleBase.stop(LifecycleBase.java:257)
		at org.apache.catalina.core.ContainerBase$StopChild.call(ContainerBase.java:1412)
		at org.apache.catalina.core.ContainerBase$StopChild.call(ContainerBase.java:1401)
		at java.base/java.util.concurrent.FutureTask.run(FutureTask.java:264)
		at org.apache.tomcat.util.threads.InlineExecutorService.execute(InlineExecutorService.java:75)
		at java.base/java.util.concurrent.AbstractExecutorService.submit(AbstractExecutorService.java:145)
		at org.apache.catalina.core.ContainerBase.stopInternal(ContainerBase.java:986)
		at org.apache.catalina.util.LifecycleBase.stop(LifecycleBase.java:257)
		at org.apache.catalina.core.ContainerBase$StopChild.call(ContainerBase.java:1412)
		at org.apache.catalina.core.ContainerBase$StopChild.call(ContainerBase.java:1401)
		at java.base/java.util.concurrent.FutureTask.run(FutureTask.java:264)
		at org.apache.tomcat.util.threads.InlineExecutorService.execute(InlineExecutorService.java:75)
		at java.base/java.util.concurrent.AbstractExecutorService.submit(AbstractExecutorService.java:145)
		at org.apache.catalina.core.ContainerBase.stopInternal(ContainerBase.java:986)
		at org.apache.catalina.util.LifecycleBase.stop(LifecycleBase.java:257)
		at org.apache.catalina.core.StandardService.stopInternal(StandardService.java:497)
		at org.apache.catalina.util.LifecycleBase.stop(LifecycleBase.java:257)
		at org.apache.catalina.core.StandardServer.stopInternal(StandardServer.java:979)
		at org.apache.catalina.util.LifecycleBase.stop(LifecycleBase.java:257)
		at org.apache.catalina.startup.Catalina.stop(Catalina.java:849)
		at org.apache.catalina.startup.Catalina$CatalinaShutdownHook.run(Catalina.java:996)
27-Dec-2023 22:11:27.816 INFO [Thread-2] org.apache.coyote.AbstractProtocol.stop Stopping ProtocolHandler ["http-nio-8083"]
27-Dec-2023 22:11:27.819 INFO [Thread-2] org.apache.coyote.AbstractProtocol.destroy Destroying ProtocolHandler ["http-nio-8083"]
27-Dec-2023 22:11:31.412 INFO [main] org.apache.catalina.startup.VersionLoggerListener.log Server version name:   Apache Tomcat/9.0.62
27-Dec-2023 22:11:31.415 INFO [main] org.apache.catalina.startup.VersionLoggerListener.log Server built:          Mar 31 2022 14:34:15 UTC
27-Dec-2023 22:11:31.415 INFO [main] org.apache.catalina.startup.VersionLoggerListener.log Server version number: 9.0.62.0
27-Dec-2023 22:11:31.415 INFO [main] org.apache.catalina.startup.VersionLoggerListener.log OS Name:               Windows 11
27-Dec-2023 22:11:31.415 INFO [main] org.apache.catalina.startup.VersionLoggerListener.log OS Version:            10.0
27-Dec-2023 22:11:31.415 INFO [main] org.apache.catalina.startup.VersionLoggerListener.log Architecture:          amd64
27-Dec-2023 22:11:31.416 INFO [main] org.apache.catalina.startup.VersionLoggerListener.log Java Home:             C:\Program Files\Java\jdk-17
27-Dec-2023 22:11:31.416 INFO [main] org.apache.catalina.startup.VersionLoggerListener.log JVM Version:           17.0.8+9-LTS-211
27-Dec-2023 22:11:31.416 INFO [main] org.apache.catalina.startup.VersionLoggerListener.log JVM Vendor:            Oracle Corporation
27-Dec-2023 22:11:31.416 INFO [main] org.apache.catalina.startup.VersionLoggerListener.log CATALINA_BASE:         F:\WebProject\project-final-main
27-Dec-2023 22:11:31.416 INFO [main] org.apache.catalina.startup.VersionLoggerListener.log CATALINA_HOME:         F:\Javaweb\apache-tomcat-9.0.62
27-Dec-2023 22:11:31.424 INFO [main] org.apache.catalina.startup.VersionLoggerListener.log Command line argument: --add-opens=java.base/java.lang=ALL-UNNAMED
27-Dec-2023 22:11:31.426 INFO [main] org.apache.catalina.startup.VersionLoggerListener.log Command line argument: --add-opens=java.base/java.io=ALL-UNNAMED
27-Dec-2023 22:11:31.426 INFO [main] org.apache.catalina.startup.VersionLoggerListener.log Command line argument: --add-opens=java.base/java.util=ALL-UNNAMED
27-Dec-2023 22:11:31.426 INFO [main] org.apache.catalina.startup.VersionLoggerListener.log Command line argument: --add-opens=java.base/java.util.concurrent=ALL-UNNAMED
27-Dec-2023 22:11:31.426 INFO [main] org.apache.catalina.startup.VersionLoggerListener.log Command line argument: --add-opens=java.rmi/sun.rmi.transport=ALL-UNNAMED
27-Dec-2023 22:11:31.426 INFO [main] org.apache.catalina.startup.VersionLoggerListener.log Command line argument: -Dcatalina.home=F:\Javaweb\apache-tomcat-9.0.62
27-Dec-2023 22:11:31.426 INFO [main] org.apache.catalina.startup.VersionLoggerListener.log Command line argument: -Dcatalina.base=F:\WebProject\project-final-main
27-Dec-2023 22:11:31.426 INFO [main] org.apache.catalina.startup.VersionLoggerListener.log Command line argument: -Djava.io.tmpdir=F:\WebProject\project-final-main\temp
27-Dec-2023 22:11:31.426 INFO [main] org.apache.catalina.startup.VersionLoggerListener.log Command line argument: -Djava.util.logging.config.file=F:\WebProject\project-final-main\conf\logging.properties
27-Dec-2023 22:11:31.426 INFO [main] org.apache.catalina.startup.VersionLoggerListener.log Command line argument: -Djava.util.logging.manager=org.apache.juli.ClassLoaderLogManager
27-Dec-2023 22:11:31.426 INFO [main] org.apache.catalina.startup.VersionLoggerListener.log Command line argument: -javaagent:E:\Inteliji\IntelliJ IDEA Community Edition 2023.2.1\lib\idea_rt.jar=55264:E:\Inteliji\IntelliJ IDEA Community Edition 2023.2.1\bin
27-Dec-2023 22:11:31.426 INFO [main] org.apache.catalina.startup.VersionLoggerListener.log Command line argument: -Dfile.encoding=UTF-8
27-Dec-2023 22:11:31.429 INFO [main] org.apache.catalina.core.AprLifecycleListener.lifecycleEvent Loaded Apache Tomcat Native library [1.2.32] using APR version [1.7.0].
27-Dec-2023 22:11:31.429 INFO [main] org.apache.catalina.core.AprLifecycleListener.lifecycleEvent APR capabilities: IPv6 [true], sendfile [true], accept filters [false], random [true], UDS [true].
27-Dec-2023 22:11:31.429 INFO [main] org.apache.catalina.core.AprLifecycleListener.lifecycleEvent APR/OpenSSL configuration: useAprConnector [false], useOpenSSL [true]
27-Dec-2023 22:11:31.433 INFO [main] org.apache.catalina.core.AprLifecycleListener.initializeSSL OpenSSL successfully initialized [OpenSSL 1.1.1n  15 Mar 2022]
27-Dec-2023 22:11:31.699 INFO [main] org.apache.coyote.AbstractProtocol.init Initializing ProtocolHandler ["http-nio-8083"]
27-Dec-2023 22:11:31.728 INFO [main] org.apache.catalina.startup.Catalina.load Server initialization in [467] milliseconds
27-Dec-2023 22:11:31.765 INFO [main] org.apache.catalina.core.StandardService.startInternal Starting service [Catalina]
27-Dec-2023 22:11:31.765 INFO [main] org.apache.catalina.core.StandardEngine.startInternal Starting Servlet engine: [Apache Tomcat/9.0.62]
27-Dec-2023 22:11:31.770 INFO [main] org.apache.catalina.startup.HostConfig.deployDescriptor Deploying deployment descriptor [F:\WebProject\project-final-main\conf\Catalina\localhost\ROOT.xml]
27-Dec-2023 22:11:31.784 WARNING [main] org.apache.catalina.startup.HostConfig.deployDescriptor The path attribute with value [/Spring_MVC_Project_Final] in deployment descriptor [F:\WebProject\project-final-main\conf\Catalina\localhost\ROOT.xml] has been ignored
27-Dec-2023 22:11:33.932 INFO [main] org.apache.jasper.servlet.TldScanner.scanJars At least one JAR was scanned for TLDs yet contained no TLDs. Enable debug logging for this logger for a complete list of JARs that were scanned but no TLDs were found in them. Skipping unneeded JARs during scanning can improve startup time and JSP compilation time.
27-Dec-2023 22:11:39.314 INFO [main] org.apache.catalina.startup.HostConfig.deployDescriptor Deployment of deployment descriptor [F:\WebProject\project-final-main\conf\Catalina\localhost\ROOT.xml] has finished in [7,542] ms
27-Dec-2023 22:11:39.316 INFO [main] org.apache.coyote.AbstractProtocol.start Starting ProtocolHandler ["http-nio-8083"]
27-Dec-2023 22:11:39.330 INFO [main] org.apache.catalina.startup.Catalina.start Server startup in [7602] milliseconds
27-Dec-2023 22:22:53.716 INFO [Thread-2] org.apache.coyote.AbstractProtocol.pause Pausing ProtocolHandler ["http-nio-8083"]
27-Dec-2023 22:22:53.723 INFO [Thread-2] org.apache.catalina.core.StandardService.stopInternal Stopping service [Catalina]
27-Dec-2023 22:22:53.750 WARNING [Thread-2] org.apache.catalina.loader.WebappClassLoaderBase.clearReferencesJdbc The web application [ROOT] registered the JDBC driver [com.mysql.cj.jdbc.Driver] but failed to unregister it when the web application was stopped. To prevent a memory leak, the JDBC Driver has been forcibly unregistered.
27-Dec-2023 22:22:53.751 WARNING [Thread-2] org.apache.catalina.loader.WebappClassLoaderBase.clearReferencesThreads The web application [ROOT] appears to have started a thread named [mysql-cj-abandoned-connection-cleanup] but has failed to stop it. This is very likely to create a memory leak. Stack trace of thread:
 java.base@17.0.8/java.lang.Object.wait(Native Method)
 java.base@17.0.8/java.lang.ref.ReferenceQueue.remove(ReferenceQueue.java:155)
 com.mysql.cj.jdbc.AbandonedConnectionCleanupThread.run(AbandonedConnectionCleanupThread.java:91)
 java.base@17.0.8/java.util.concurrent.ThreadPoolExecutor.runWorker(ThreadPoolExecutor.java:1136)
 java.base@17.0.8/java.util.concurrent.ThreadPoolExecutor$Worker.run(ThreadPoolExecutor.java:635)
 java.base@17.0.8/java.lang.Thread.run(Thread.java:833)
27-Dec-2023 22:22:53.751 WARNING [Thread-2] org.apache.catalina.loader.WebappClassLoaderBase.clearReferencesObjectStreamClassCaches Failed to clear soft references from ObjectStreamClass$Caches for web application [ROOT]
	java.lang.ClassCastException: class java.io.ObjectStreamClass$Caches$1 cannot be cast to class java.util.Map (java.io.ObjectStreamClass$Caches$1 and java.util.Map are in module java.base of loader 'bootstrap')
		at org.apache.catalina.loader.WebappClassLoaderBase.clearCache(WebappClassLoaderBase.java:2336)
		at org.apache.catalina.loader.WebappClassLoaderBase.clearReferencesObjectStreamClassCaches(WebappClassLoaderBase.java:2311)
		at org.apache.catalina.loader.WebappClassLoaderBase.clearReferences(WebappClassLoaderBase.java:1674)
		at org.apache.catalina.loader.WebappClassLoaderBase.stop(WebappClassLoaderBase.java:1602)
		at org.apache.catalina.loader.WebappLoader.stopInternal(WebappLoader.java:463)
		at org.apache.catalina.util.LifecycleBase.stop(LifecycleBase.java:257)
		at org.apache.catalina.core.StandardContext.stopInternal(StandardContext.java:5515)
		at org.apache.catalina.util.LifecycleBase.stop(LifecycleBase.java:257)
		at org.apache.catalina.core.ContainerBase$StopChild.call(ContainerBase.java:1412)
		at org.apache.catalina.core.ContainerBase$StopChild.call(ContainerBase.java:1401)
		at java.base/java.util.concurrent.FutureTask.run(FutureTask.java:264)
		at org.apache.tomcat.util.threads.InlineExecutorService.execute(InlineExecutorService.java:75)
		at java.base/java.util.concurrent.AbstractExecutorService.submit(AbstractExecutorService.java:145)
		at org.apache.catalina.core.ContainerBase.stopInternal(ContainerBase.java:986)
		at org.apache.catalina.util.LifecycleBase.stop(LifecycleBase.java:257)
		at org.apache.catalina.core.ContainerBase$StopChild.call(ContainerBase.java:1412)
		at org.apache.catalina.core.ContainerBase$StopChild.call(ContainerBase.java:1401)
		at java.base/java.util.concurrent.FutureTask.run(FutureTask.java:264)
		at org.apache.tomcat.util.threads.InlineExecutorService.execute(InlineExecutorService.java:75)
		at java.base/java.util.concurrent.AbstractExecutorService.submit(AbstractExecutorService.java:145)
		at org.apache.catalina.core.ContainerBase.stopInternal(ContainerBase.java:986)
		at org.apache.catalina.util.LifecycleBase.stop(LifecycleBase.java:257)
		at org.apache.catalina.core.StandardService.stopInternal(StandardService.java:497)
		at org.apache.catalina.util.LifecycleBase.stop(LifecycleBase.java:257)
		at org.apache.catalina.core.StandardServer.stopInternal(StandardServer.java:979)
		at org.apache.catalina.util.LifecycleBase.stop(LifecycleBase.java:257)
		at org.apache.catalina.startup.Catalina.stop(Catalina.java:849)
		at org.apache.catalina.startup.Catalina$CatalinaShutdownHook.run(Catalina.java:996)
27-Dec-2023 22:22:53.754 INFO [Thread-2] org.apache.coyote.AbstractProtocol.stop Stopping ProtocolHandler ["http-nio-8083"]
27-Dec-2023 22:22:53.765 INFO [Thread-2] org.apache.coyote.AbstractProtocol.destroy Destroying ProtocolHandler ["http-nio-8083"]
27-Dec-2023 22:22:56.835 INFO [main] org.apache.catalina.startup.VersionLoggerListener.log Server version name:   Apache Tomcat/9.0.62
27-Dec-2023 22:22:56.838 INFO [main] org.apache.catalina.startup.VersionLoggerListener.log Server built:          Mar 31 2022 14:34:15 UTC
27-Dec-2023 22:22:56.838 INFO [main] org.apache.catalina.startup.VersionLoggerListener.log Server version number: 9.0.62.0
27-Dec-2023 22:22:56.838 INFO [main] org.apache.catalina.startup.VersionLoggerListener.log OS Name:               Windows 11
27-Dec-2023 22:22:56.838 INFO [main] org.apache.catalina.startup.VersionLoggerListener.log OS Version:            10.0
27-Dec-2023 22:22:56.838 INFO [main] org.apache.catalina.startup.VersionLoggerListener.log Architecture:          amd64
27-Dec-2023 22:22:56.839 INFO [main] org.apache.catalina.startup.VersionLoggerListener.log Java Home:             C:\Program Files\Java\jdk-17
27-Dec-2023 22:22:56.839 INFO [main] org.apache.catalina.startup.VersionLoggerListener.log JVM Version:           17.0.8+9-LTS-211
27-Dec-2023 22:22:56.839 INFO [main] org.apache.catalina.startup.VersionLoggerListener.log JVM Vendor:            Oracle Corporation
27-Dec-2023 22:22:56.839 INFO [main] org.apache.catalina.startup.VersionLoggerListener.log CATALINA_BASE:         F:\WebProject\project-final-main
27-Dec-2023 22:22:56.839 INFO [main] org.apache.catalina.startup.VersionLoggerListener.log CATALINA_HOME:         F:\Javaweb\apache-tomcat-9.0.62
27-Dec-2023 22:22:56.847 INFO [main] org.apache.catalina.startup.VersionLoggerListener.log Command line argument: --add-opens=java.base/java.lang=ALL-UNNAMED
27-Dec-2023 22:22:56.848 INFO [main] org.apache.catalina.startup.VersionLoggerListener.log Command line argument: --add-opens=java.base/java.io=ALL-UNNAMED
27-Dec-2023 22:22:56.848 INFO [main] org.apache.catalina.startup.VersionLoggerListener.log Command line argument: --add-opens=java.base/java.util=ALL-UNNAMED
27-Dec-2023 22:22:56.848 INFO [main] org.apache.catalina.startup.VersionLoggerListener.log Command line argument: --add-opens=java.base/java.util.concurrent=ALL-UNNAMED
27-Dec-2023 22:22:56.848 INFO [main] org.apache.catalina.startup.VersionLoggerListener.log Command line argument: --add-opens=java.rmi/sun.rmi.transport=ALL-UNNAMED
27-Dec-2023 22:22:56.848 INFO [main] org.apache.catalina.startup.VersionLoggerListener.log Command line argument: -Dcatalina.home=F:\Javaweb\apache-tomcat-9.0.62
27-Dec-2023 22:22:56.848 INFO [main] org.apache.catalina.startup.VersionLoggerListener.log Command line argument: -Dcatalina.base=F:\WebProject\project-final-main
27-Dec-2023 22:22:56.848 INFO [main] org.apache.catalina.startup.VersionLoggerListener.log Command line argument: -Djava.io.tmpdir=F:\WebProject\project-final-main\temp
27-Dec-2023 22:22:56.848 INFO [main] org.apache.catalina.startup.VersionLoggerListener.log Command line argument: -Djava.util.logging.config.file=F:\WebProject\project-final-main\conf\logging.properties
27-Dec-2023 22:22:56.848 INFO [main] org.apache.catalina.startup.VersionLoggerListener.log Command line argument: -Djava.util.logging.manager=org.apache.juli.ClassLoaderLogManager
27-Dec-2023 22:22:56.848 INFO [main] org.apache.catalina.startup.VersionLoggerListener.log Command line argument: -javaagent:E:\Inteliji\IntelliJ IDEA Community Edition 2023.2.1\lib\idea_rt.jar=55697:E:\Inteliji\IntelliJ IDEA Community Edition 2023.2.1\bin
27-Dec-2023 22:22:56.848 INFO [main] org.apache.catalina.startup.VersionLoggerListener.log Command line argument: -Dfile.encoding=UTF-8
27-Dec-2023 22:22:56.852 INFO [main] org.apache.catalina.core.AprLifecycleListener.lifecycleEvent Loaded Apache Tomcat Native library [1.2.32] using APR version [1.7.0].
27-Dec-2023 22:22:56.852 INFO [main] org.apache.catalina.core.AprLifecycleListener.lifecycleEvent APR capabilities: IPv6 [true], sendfile [true], accept filters [false], random [true], UDS [true].
27-Dec-2023 22:22:56.852 INFO [main] org.apache.catalina.core.AprLifecycleListener.lifecycleEvent APR/OpenSSL configuration: useAprConnector [false], useOpenSSL [true]
27-Dec-2023 22:22:56.855 INFO [main] org.apache.catalina.core.AprLifecycleListener.initializeSSL OpenSSL successfully initialized [OpenSSL 1.1.1n  15 Mar 2022]
27-Dec-2023 22:22:57.119 INFO [main] org.apache.coyote.AbstractProtocol.init Initializing ProtocolHandler ["http-nio-8083"]
27-Dec-2023 22:22:57.141 INFO [main] org.apache.catalina.startup.Catalina.load Server initialization in [460] milliseconds
27-Dec-2023 22:22:57.184 INFO [main] org.apache.catalina.core.StandardService.startInternal Starting service [Catalina]
27-Dec-2023 22:22:57.184 INFO [main] org.apache.catalina.core.StandardEngine.startInternal Starting Servlet engine: [Apache Tomcat/9.0.62]
27-Dec-2023 22:22:57.194 INFO [main] org.apache.catalina.startup.HostConfig.deployDescriptor Deploying deployment descriptor [F:\WebProject\project-final-main\conf\Catalina\localhost\ROOT.xml]
27-Dec-2023 22:22:57.209 WARNING [main] org.apache.catalina.startup.HostConfig.deployDescriptor The path attribute with value [/Spring_MVC_Project_Final] in deployment descriptor [F:\WebProject\project-final-main\conf\Catalina\localhost\ROOT.xml] has been ignored
27-Dec-2023 22:22:59.343 INFO [main] org.apache.jasper.servlet.TldScanner.scanJars At least one JAR was scanned for TLDs yet contained no TLDs. Enable debug logging for this logger for a complete list of JARs that were scanned but no TLDs were found in them. Skipping unneeded JARs during scanning can improve startup time and JSP compilation time.
27-Dec-2023 22:23:05.472 INFO [main] org.apache.catalina.startup.HostConfig.deployDescriptor Deployment of deployment descriptor [F:\WebProject\project-final-main\conf\Catalina\localhost\ROOT.xml] has finished in [8,276] ms
27-Dec-2023 22:23:05.476 INFO [main] org.apache.coyote.AbstractProtocol.start Starting ProtocolHandler ["http-nio-8083"]
27-Dec-2023 22:23:05.491 INFO [main] org.apache.catalina.startup.Catalina.start Server startup in [8351] milliseconds
27-Dec-2023 22:27:15.112 INFO [Thread-2] org.apache.coyote.AbstractProtocol.pause Pausing ProtocolHandler ["http-nio-8083"]
27-Dec-2023 22:27:15.118 INFO [Thread-2] org.apache.catalina.core.StandardService.stopInternal Stopping service [Catalina]
27-Dec-2023 22:27:15.141 WARNING [Thread-2] org.apache.catalina.loader.WebappClassLoaderBase.clearReferencesJdbc The web application [ROOT] registered the JDBC driver [com.mysql.cj.jdbc.Driver] but failed to unregister it when the web application was stopped. To prevent a memory leak, the JDBC Driver has been forcibly unregistered.
27-Dec-2023 22:27:15.141 WARNING [Thread-2] org.apache.catalina.loader.WebappClassLoaderBase.clearReferencesThreads The web application [ROOT] appears to have started a thread named [mysql-cj-abandoned-connection-cleanup] but has failed to stop it. This is very likely to create a memory leak. Stack trace of thread:
 java.base@17.0.8/java.lang.Object.wait(Native Method)
 java.base@17.0.8/java.lang.ref.ReferenceQueue.remove(ReferenceQueue.java:155)
 com.mysql.cj.jdbc.AbandonedConnectionCleanupThread.run(AbandonedConnectionCleanupThread.java:91)
 java.base@17.0.8/java.util.concurrent.ThreadPoolExecutor.runWorker(ThreadPoolExecutor.java:1136)
 java.base@17.0.8/java.util.concurrent.ThreadPoolExecutor$Worker.run(ThreadPoolExecutor.java:635)
 java.base@17.0.8/java.lang.Thread.run(Thread.java:833)
27-Dec-2023 22:27:15.142 WARNING [Thread-2] org.apache.catalina.loader.WebappClassLoaderBase.clearReferencesObjectStreamClassCaches Failed to clear soft references from ObjectStreamClass$Caches for web application [ROOT]
	java.lang.ClassCastException: class java.io.ObjectStreamClass$Caches$1 cannot be cast to class java.util.Map (java.io.ObjectStreamClass$Caches$1 and java.util.Map are in module java.base of loader 'bootstrap')
		at org.apache.catalina.loader.WebappClassLoaderBase.clearCache(WebappClassLoaderBase.java:2336)
		at org.apache.catalina.loader.WebappClassLoaderBase.clearReferencesObjectStreamClassCaches(WebappClassLoaderBase.java:2311)
		at org.apache.catalina.loader.WebappClassLoaderBase.clearReferences(WebappClassLoaderBase.java:1674)
		at org.apache.catalina.loader.WebappClassLoaderBase.stop(WebappClassLoaderBase.java:1602)
		at org.apache.catalina.loader.WebappLoader.stopInternal(WebappLoader.java:463)
		at org.apache.catalina.util.LifecycleBase.stop(LifecycleBase.java:257)
		at org.apache.catalina.core.StandardContext.stopInternal(StandardContext.java:5515)
		at org.apache.catalina.util.LifecycleBase.stop(LifecycleBase.java:257)
		at org.apache.catalina.core.ContainerBase$StopChild.call(ContainerBase.java:1412)
		at org.apache.catalina.core.ContainerBase$StopChild.call(ContainerBase.java:1401)
		at java.base/java.util.concurrent.FutureTask.run(FutureTask.java:264)
		at org.apache.tomcat.util.threads.InlineExecutorService.execute(InlineExecutorService.java:75)
		at java.base/java.util.concurrent.AbstractExecutorService.submit(AbstractExecutorService.java:145)
		at org.apache.catalina.core.ContainerBase.stopInternal(ContainerBase.java:986)
		at org.apache.catalina.util.LifecycleBase.stop(LifecycleBase.java:257)
		at org.apache.catalina.core.ContainerBase$StopChild.call(ContainerBase.java:1412)
		at org.apache.catalina.core.ContainerBase$StopChild.call(ContainerBase.java:1401)
		at java.base/java.util.concurrent.FutureTask.run(FutureTask.java:264)
		at org.apache.tomcat.util.threads.InlineExecutorService.execute(InlineExecutorService.java:75)
		at java.base/java.util.concurrent.AbstractExecutorService.submit(AbstractExecutorService.java:145)
		at org.apache.catalina.core.ContainerBase.stopInternal(ContainerBase.java:986)
		at org.apache.catalina.util.LifecycleBase.stop(LifecycleBase.java:257)
		at org.apache.catalina.core.StandardService.stopInternal(StandardService.java:497)
		at org.apache.catalina.util.LifecycleBase.stop(LifecycleBase.java:257)
		at org.apache.catalina.core.StandardServer.stopInternal(StandardServer.java:979)
		at org.apache.catalina.util.LifecycleBase.stop(LifecycleBase.java:257)
		at org.apache.catalina.startup.Catalina.stop(Catalina.java:849)
		at org.apache.catalina.startup.Catalina$CatalinaShutdownHook.run(Catalina.java:996)
27-Dec-2023 22:27:15.146 INFO [Thread-2] org.apache.coyote.AbstractProtocol.stop Stopping ProtocolHandler ["http-nio-8083"]
27-Dec-2023 22:27:15.147 INFO [mysql-cj-abandoned-connection-cleanup] org.apache.catalina.loader.WebappClassLoaderBase.checkStateForResourceLoading Illegal access: this web application instance has been stopped already. Could not load []. The following stack trace is thrown for debugging purposes as well as to attempt to terminate the thread which caused the illegal access.
	java.lang.IllegalStateException: Illegal access: this web application instance has been stopped already. Could not load []. The following stack trace is thrown for debugging purposes as well as to attempt to terminate the thread which caused the illegal access.
		at org.apache.catalina.loader.WebappClassLoaderBase.checkStateForResourceLoading(WebappClassLoaderBase.java:1432)
		at org.apache.catalina.loader.WebappClassLoaderBase.getResource(WebappClassLoaderBase.java:1057)
		at com.mysql.cj.jdbc.AbandonedConnectionCleanupThread.checkThreadContextClassLoader(AbandonedConnectionCleanupThread.java:123)
		at com.mysql.cj.jdbc.AbandonedConnectionCleanupThread.run(AbandonedConnectionCleanupThread.java:90)
		at java.base/java.util.concurrent.ThreadPoolExecutor.runWorker(ThreadPoolExecutor.java:1136)
		at java.base/java.util.concurrent.ThreadPoolExecutor$Worker.run(ThreadPoolExecutor.java:635)
		at java.base/java.lang.Thread.run(Thread.java:833)
27-Dec-2023 22:27:15.149 INFO [Thread-2] org.apache.coyote.AbstractProtocol.destroy Destroying ProtocolHandler ["http-nio-8083"]
27-Dec-2023 22:27:17.292 INFO [main] org.apache.catalina.startup.VersionLoggerListener.log Server version name:   Apache Tomcat/9.0.62
27-Dec-2023 22:27:17.296 INFO [main] org.apache.catalina.startup.VersionLoggerListener.log Server built:          Mar 31 2022 14:34:15 UTC
27-Dec-2023 22:27:17.296 INFO [main] org.apache.catalina.startup.VersionLoggerListener.log Server version number: 9.0.62.0
27-Dec-2023 22:27:17.296 INFO [main] org.apache.catalina.startup.VersionLoggerListener.log OS Name:               Windows 11
27-Dec-2023 22:27:17.297 INFO [main] org.apache.catalina.startup.VersionLoggerListener.log OS Version:            10.0
27-Dec-2023 22:27:17.297 INFO [main] org.apache.catalina.startup.VersionLoggerListener.log Architecture:          amd64
27-Dec-2023 22:27:17.297 INFO [main] org.apache.catalina.startup.VersionLoggerListener.log Java Home:             C:\Program Files\Java\jdk-17
27-Dec-2023 22:27:17.297 INFO [main] org.apache.catalina.startup.VersionLoggerListener.log JVM Version:           17.0.8+9-LTS-211
27-Dec-2023 22:27:17.297 INFO [main] org.apache.catalina.startup.VersionLoggerListener.log JVM Vendor:            Oracle Corporation
27-Dec-2023 22:27:17.297 INFO [main] org.apache.catalina.startup.VersionLoggerListener.log CATALINA_BASE:         F:\WebProject\project-final-main
27-Dec-2023 22:27:17.297 INFO [main] org.apache.catalina.startup.VersionLoggerListener.log CATALINA_HOME:         F:\Javaweb\apache-tomcat-9.0.62
27-Dec-2023 22:27:17.306 INFO [main] org.apache.catalina.startup.VersionLoggerListener.log Command line argument: --add-opens=java.base/java.lang=ALL-UNNAMED
27-Dec-2023 22:27:17.306 INFO [main] org.apache.catalina.startup.VersionLoggerListener.log Command line argument: --add-opens=java.base/java.io=ALL-UNNAMED
27-Dec-2023 22:27:17.306 INFO [main] org.apache.catalina.startup.VersionLoggerListener.log Command line argument: --add-opens=java.base/java.util=ALL-UNNAMED
27-Dec-2023 22:27:17.308 INFO [main] org.apache.catalina.startup.VersionLoggerListener.log Command line argument: --add-opens=java.base/java.util.concurrent=ALL-UNNAMED
27-Dec-2023 22:27:17.308 INFO [main] org.apache.catalina.startup.VersionLoggerListener.log Command line argument: --add-opens=java.rmi/sun.rmi.transport=ALL-UNNAMED
27-Dec-2023 22:27:17.308 INFO [main] org.apache.catalina.startup.VersionLoggerListener.log Command line argument: -Dcatalina.home=F:\Javaweb\apache-tomcat-9.0.62
27-Dec-2023 22:27:17.308 INFO [main] org.apache.catalina.startup.VersionLoggerListener.log Command line argument: -Dcatalina.base=F:\WebProject\project-final-main
27-Dec-2023 22:27:17.308 INFO [main] org.apache.catalina.startup.VersionLoggerListener.log Command line argument: -Djava.io.tmpdir=F:\WebProject\project-final-main\temp
27-Dec-2023 22:27:17.308 INFO [main] org.apache.catalina.startup.VersionLoggerListener.log Command line argument: -Djava.util.logging.config.file=F:\WebProject\project-final-main\conf\logging.properties
27-Dec-2023 22:27:17.308 INFO [main] org.apache.catalina.startup.VersionLoggerListener.log Command line argument: -Djava.util.logging.manager=org.apache.juli.ClassLoaderLogManager
27-Dec-2023 22:27:17.308 INFO [main] org.apache.catalina.startup.VersionLoggerListener.log Command line argument: -javaagent:E:\Inteliji\IntelliJ IDEA Community Edition 2023.2.1\lib\idea_rt.jar=55843:E:\Inteliji\IntelliJ IDEA Community Edition 2023.2.1\bin
27-Dec-2023 22:27:17.308 INFO [main] org.apache.catalina.startup.VersionLoggerListener.log Command line argument: -Dfile.encoding=UTF-8
27-Dec-2023 22:27:17.311 INFO [main] org.apache.catalina.core.AprLifecycleListener.lifecycleEvent Loaded Apache Tomcat Native library [1.2.32] using APR version [1.7.0].
27-Dec-2023 22:27:17.311 INFO [main] org.apache.catalina.core.AprLifecycleListener.lifecycleEvent APR capabilities: IPv6 [true], sendfile [true], accept filters [false], random [true], UDS [true].
27-Dec-2023 22:27:17.312 INFO [main] org.apache.catalina.core.AprLifecycleListener.lifecycleEvent APR/OpenSSL configuration: useAprConnector [false], useOpenSSL [true]
27-Dec-2023 22:27:17.316 INFO [main] org.apache.catalina.core.AprLifecycleListener.initializeSSL OpenSSL successfully initialized [OpenSSL 1.1.1n  15 Mar 2022]
27-Dec-2023 22:27:17.569 INFO [main] org.apache.coyote.AbstractProtocol.init Initializing ProtocolHandler ["http-nio-8083"]
27-Dec-2023 22:27:17.590 INFO [main] org.apache.catalina.startup.Catalina.load Server initialization in [442] milliseconds
27-Dec-2023 22:27:17.637 INFO [main] org.apache.catalina.core.StandardService.startInternal Starting service [Catalina]
27-Dec-2023 22:27:17.637 INFO [main] org.apache.catalina.core.StandardEngine.startInternal Starting Servlet engine: [Apache Tomcat/9.0.62]
27-Dec-2023 22:27:17.647 INFO [main] org.apache.catalina.startup.HostConfig.deployDescriptor Deploying deployment descriptor [F:\WebProject\project-final-main\conf\Catalina\localhost\ROOT.xml]
27-Dec-2023 22:27:17.662 WARNING [main] org.apache.catalina.startup.HostConfig.deployDescriptor The path attribute with value [/Spring_MVC_Project_Final] in deployment descriptor [F:\WebProject\project-final-main\conf\Catalina\localhost\ROOT.xml] has been ignored
27-Dec-2023 22:27:19.943 INFO [main] org.apache.jasper.servlet.TldScanner.scanJars At least one JAR was scanned for TLDs yet contained no TLDs. Enable debug logging for this logger for a complete list of JARs that were scanned but no TLDs were found in them. Skipping unneeded JARs during scanning can improve startup time and JSP compilation time.
27-Dec-2023 22:27:26.029 INFO [main] org.apache.catalina.startup.HostConfig.deployDescriptor Deployment of deployment descriptor [F:\WebProject\project-final-main\conf\Catalina\localhost\ROOT.xml] has finished in [8,382] ms
27-Dec-2023 22:27:26.033 INFO [main] org.apache.coyote.AbstractProtocol.start Starting ProtocolHandler ["http-nio-8083"]
27-Dec-2023 22:27:26.049 INFO [main] org.apache.catalina.startup.Catalina.start Server startup in [8459] milliseconds
27-Dec-2023 22:27:52.634 INFO [Thread-2] org.apache.coyote.AbstractProtocol.pause Pausing ProtocolHandler ["http-nio-8083"]
27-Dec-2023 22:27:52.641 INFO [Thread-2] org.apache.catalina.core.StandardService.stopInternal Stopping service [Catalina]
27-Dec-2023 22:27:52.663 WARNING [Thread-2] org.apache.catalina.loader.WebappClassLoaderBase.clearReferencesJdbc The web application [ROOT] registered the JDBC driver [com.mysql.cj.jdbc.Driver] but failed to unregister it when the web application was stopped. To prevent a memory leak, the JDBC Driver has been forcibly unregistered.
27-Dec-2023 22:27:52.664 WARNING [Thread-2] org.apache.catalina.loader.WebappClassLoaderBase.clearReferencesThreads The web application [ROOT] appears to have started a thread named [mysql-cj-abandoned-connection-cleanup] but has failed to stop it. This is very likely to create a memory leak. Stack trace of thread:
 java.base@17.0.8/java.lang.Object.wait(Native Method)
 java.base@17.0.8/java.lang.ref.ReferenceQueue.remove(ReferenceQueue.java:155)
 com.mysql.cj.jdbc.AbandonedConnectionCleanupThread.run(AbandonedConnectionCleanupThread.java:91)
 java.base@17.0.8/java.util.concurrent.ThreadPoolExecutor.runWorker(ThreadPoolExecutor.java:1136)
 java.base@17.0.8/java.util.concurrent.ThreadPoolExecutor$Worker.run(ThreadPoolExecutor.java:635)
 java.base@17.0.8/java.lang.Thread.run(Thread.java:833)
27-Dec-2023 22:27:52.664 WARNING [Thread-2] org.apache.catalina.loader.WebappClassLoaderBase.clearReferencesObjectStreamClassCaches Failed to clear soft references from ObjectStreamClass$Caches for web application [ROOT]
	java.lang.ClassCastException: class java.io.ObjectStreamClass$Caches$1 cannot be cast to class java.util.Map (java.io.ObjectStreamClass$Caches$1 and java.util.Map are in module java.base of loader 'bootstrap')
		at org.apache.catalina.loader.WebappClassLoaderBase.clearCache(WebappClassLoaderBase.java:2336)
		at org.apache.catalina.loader.WebappClassLoaderBase.clearReferencesObjectStreamClassCaches(WebappClassLoaderBase.java:2311)
		at org.apache.catalina.loader.WebappClassLoaderBase.clearReferences(WebappClassLoaderBase.java:1674)
		at org.apache.catalina.loader.WebappClassLoaderBase.stop(WebappClassLoaderBase.java:1602)
		at org.apache.catalina.loader.WebappLoader.stopInternal(WebappLoader.java:463)
		at org.apache.catalina.util.LifecycleBase.stop(LifecycleBase.java:257)
		at org.apache.catalina.core.StandardContext.stopInternal(StandardContext.java:5515)
		at org.apache.catalina.util.LifecycleBase.stop(LifecycleBase.java:257)
		at org.apache.catalina.core.ContainerBase$StopChild.call(ContainerBase.java:1412)
		at org.apache.catalina.core.ContainerBase$StopChild.call(ContainerBase.java:1401)
		at java.base/java.util.concurrent.FutureTask.run(FutureTask.java:264)
		at org.apache.tomcat.util.threads.InlineExecutorService.execute(InlineExecutorService.java:75)
		at java.base/java.util.concurrent.AbstractExecutorService.submit(AbstractExecutorService.java:145)
		at org.apache.catalina.core.ContainerBase.stopInternal(ContainerBase.java:986)
		at org.apache.catalina.util.LifecycleBase.stop(LifecycleBase.java:257)
		at org.apache.catalina.core.ContainerBase$StopChild.call(ContainerBase.java:1412)
		at org.apache.catalina.core.ContainerBase$StopChild.call(ContainerBase.java:1401)
		at java.base/java.util.concurrent.FutureTask.run(FutureTask.java:264)
		at org.apache.tomcat.util.threads.InlineExecutorService.execute(InlineExecutorService.java:75)
		at java.base/java.util.concurrent.AbstractExecutorService.submit(AbstractExecutorService.java:145)
		at org.apache.catalina.core.ContainerBase.stopInternal(ContainerBase.java:986)
		at org.apache.catalina.util.LifecycleBase.stop(LifecycleBase.java:257)
		at org.apache.catalina.core.StandardService.stopInternal(StandardService.java:497)
		at org.apache.catalina.util.LifecycleBase.stop(LifecycleBase.java:257)
		at org.apache.catalina.core.StandardServer.stopInternal(StandardServer.java:979)
		at org.apache.catalina.util.LifecycleBase.stop(LifecycleBase.java:257)
		at org.apache.catalina.startup.Catalina.stop(Catalina.java:849)
		at org.apache.catalina.startup.Catalina$CatalinaShutdownHook.run(Catalina.java:996)
27-Dec-2023 22:27:52.669 INFO [Thread-2] org.apache.coyote.AbstractProtocol.stop Stopping ProtocolHandler ["http-nio-8083"]
27-Dec-2023 22:27:52.675 INFO [Thread-2] org.apache.coyote.AbstractProtocol.destroy Destroying ProtocolHandler ["http-nio-8083"]
27-Dec-2023 22:27:53.755 INFO [main] org.apache.catalina.startup.VersionLoggerListener.log Server version name:   Apache Tomcat/9.0.62
27-Dec-2023 22:27:53.761 INFO [main] org.apache.catalina.startup.VersionLoggerListener.log Server built:          Mar 31 2022 14:34:15 UTC
27-Dec-2023 22:27:53.761 INFO [main] org.apache.catalina.startup.VersionLoggerListener.log Server version number: 9.0.62.0
27-Dec-2023 22:27:53.762 INFO [main] org.apache.catalina.startup.VersionLoggerListener.log OS Name:               Windows 11
27-Dec-2023 22:27:53.762 INFO [main] org.apache.catalina.startup.VersionLoggerListener.log OS Version:            10.0
27-Dec-2023 22:27:53.762 INFO [main] org.apache.catalina.startup.VersionLoggerListener.log Architecture:          amd64
27-Dec-2023 22:27:53.762 INFO [main] org.apache.catalina.startup.VersionLoggerListener.log Java Home:             C:\Program Files\Java\jdk-17
27-Dec-2023 22:27:53.762 INFO [main] org.apache.catalina.startup.VersionLoggerListener.log JVM Version:           17.0.8+9-LTS-211
27-Dec-2023 22:27:53.762 INFO [main] org.apache.catalina.startup.VersionLoggerListener.log JVM Vendor:            Oracle Corporation
27-Dec-2023 22:27:53.762 INFO [main] org.apache.catalina.startup.VersionLoggerListener.log CATALINA_BASE:         F:\WebProject\project-final-main
27-Dec-2023 22:27:53.762 INFO [main] org.apache.catalina.startup.VersionLoggerListener.log CATALINA_HOME:         F:\Javaweb\apache-tomcat-9.0.62
27-Dec-2023 22:27:53.774 INFO [main] org.apache.catalina.startup.VersionLoggerListener.log Command line argument: --add-opens=java.base/java.lang=ALL-UNNAMED
27-Dec-2023 22:27:53.774 INFO [main] org.apache.catalina.startup.VersionLoggerListener.log Command line argument: --add-opens=java.base/java.io=ALL-UNNAMED
27-Dec-2023 22:27:53.774 INFO [main] org.apache.catalina.startup.VersionLoggerListener.log Command line argument: --add-opens=java.base/java.util=ALL-UNNAMED
27-Dec-2023 22:27:53.774 INFO [main] org.apache.catalina.startup.VersionLoggerListener.log Command line argument: --add-opens=java.base/java.util.concurrent=ALL-UNNAMED
27-Dec-2023 22:27:53.774 INFO [main] org.apache.catalina.startup.VersionLoggerListener.log Command line argument: --add-opens=java.rmi/sun.rmi.transport=ALL-UNNAMED
27-Dec-2023 22:27:53.775 INFO [main] org.apache.catalina.startup.VersionLoggerListener.log Command line argument: -Dcatalina.home=F:\Javaweb\apache-tomcat-9.0.62
27-Dec-2023 22:27:53.775 INFO [main] org.apache.catalina.startup.VersionLoggerListener.log Command line argument: -Dcatalina.base=F:\WebProject\project-final-main
27-Dec-2023 22:27:53.775 INFO [main] org.apache.catalina.startup.VersionLoggerListener.log Command line argument: -Djava.io.tmpdir=F:\WebProject\project-final-main\temp
27-Dec-2023 22:27:53.775 INFO [main] org.apache.catalina.startup.VersionLoggerListener.log Command line argument: -Djava.util.logging.config.file=F:\WebProject\project-final-main\conf\logging.properties
27-Dec-2023 22:27:53.775 INFO [main] org.apache.catalina.startup.VersionLoggerListener.log Command line argument: -Djava.util.logging.manager=org.apache.juli.ClassLoaderLogManager
27-Dec-2023 22:27:53.775 INFO [main] org.apache.catalina.startup.VersionLoggerListener.log Command line argument: -javaagent:E:\Inteliji\IntelliJ IDEA Community Edition 2023.2.1\lib\idea_rt.jar=55877:E:\Inteliji\IntelliJ IDEA Community Edition 2023.2.1\bin
27-Dec-2023 22:27:53.775 INFO [main] org.apache.catalina.startup.VersionLoggerListener.log Command line argument: -Dfile.encoding=UTF-8
27-Dec-2023 22:27:53.778 INFO [main] org.apache.catalina.core.AprLifecycleListener.lifecycleEvent Loaded Apache Tomcat Native library [1.2.32] using APR version [1.7.0].
27-Dec-2023 22:27:53.779 INFO [main] org.apache.catalina.core.AprLifecycleListener.lifecycleEvent APR capabilities: IPv6 [true], sendfile [true], accept filters [false], random [true], UDS [true].
27-Dec-2023 22:27:53.779 INFO [main] org.apache.catalina.core.AprLifecycleListener.lifecycleEvent APR/OpenSSL configuration: useAprConnector [false], useOpenSSL [true]
27-Dec-2023 22:27:53.782 INFO [main] org.apache.catalina.core.AprLifecycleListener.initializeSSL OpenSSL successfully initialized [OpenSSL 1.1.1n  15 Mar 2022]
27-Dec-2023 22:27:54.106 INFO [main] org.apache.coyote.AbstractProtocol.init Initializing ProtocolHandler ["http-nio-8083"]
27-Dec-2023 22:27:54.127 INFO [main] org.apache.catalina.startup.Catalina.load Server initialization in [612] milliseconds
27-Dec-2023 22:27:54.167 INFO [main] org.apache.catalina.core.StandardService.startInternal Starting service [Catalina]
27-Dec-2023 22:27:54.168 INFO [main] org.apache.catalina.core.StandardEngine.startInternal Starting Servlet engine: [Apache Tomcat/9.0.62]
27-Dec-2023 22:27:54.176 INFO [main] org.apache.catalina.startup.HostConfig.deployDescriptor Deploying deployment descriptor [F:\WebProject\project-final-main\conf\Catalina\localhost\ROOT.xml]
27-Dec-2023 22:27:54.191 WARNING [main] org.apache.catalina.startup.HostConfig.deployDescriptor The path attribute with value [/Spring_MVC_Project_Final] in deployment descriptor [F:\WebProject\project-final-main\conf\Catalina\localhost\ROOT.xml] has been ignored
27-Dec-2023 22:27:56.378 INFO [main] org.apache.jasper.servlet.TldScanner.scanJars At least one JAR was scanned for TLDs yet contained no TLDs. Enable debug logging for this logger for a complete list of JARs that were scanned but no TLDs were found in them. Skipping unneeded JARs during scanning can improve startup time and JSP compilation time.
27-Dec-2023 22:28:01.802 INFO [main] org.apache.catalina.startup.HostConfig.deployDescriptor Deployment of deployment descriptor [F:\WebProject\project-final-main\conf\Catalina\localhost\ROOT.xml] has finished in [7,625] ms
27-Dec-2023 22:28:01.807 INFO [main] org.apache.coyote.AbstractProtocol.start Starting ProtocolHandler ["http-nio-8083"]
27-Dec-2023 22:28:01.838 INFO [main] org.apache.catalina.startup.Catalina.start Server startup in [7709] milliseconds
27-Dec-2023 22:34:24.211 INFO [Thread-2] org.apache.coyote.AbstractProtocol.pause Pausing ProtocolHandler ["http-nio-8083"]
27-Dec-2023 22:34:24.218 INFO [Thread-2] org.apache.catalina.core.StandardService.stopInternal Stopping service [Catalina]
27-Dec-2023 22:34:24.241 WARNING [Thread-2] org.apache.catalina.loader.WebappClassLoaderBase.clearReferencesJdbc The web application [ROOT] registered the JDBC driver [com.mysql.cj.jdbc.Driver] but failed to unregister it when the web application was stopped. To prevent a memory leak, the JDBC Driver has been forcibly unregistered.
27-Dec-2023 22:34:24.241 WARNING [Thread-2] org.apache.catalina.loader.WebappClassLoaderBase.clearReferencesThreads The web application [ROOT] appears to have started a thread named [mysql-cj-abandoned-connection-cleanup] but has failed to stop it. This is very likely to create a memory leak. Stack trace of thread:
 java.base@17.0.8/java.lang.Object.wait(Native Method)
 java.base@17.0.8/java.lang.ref.ReferenceQueue.remove(ReferenceQueue.java:155)
 com.mysql.cj.jdbc.AbandonedConnectionCleanupThread.run(AbandonedConnectionCleanupThread.java:91)
 java.base@17.0.8/java.util.concurrent.ThreadPoolExecutor.runWorker(ThreadPoolExecutor.java:1136)
 java.base@17.0.8/java.util.concurrent.ThreadPoolExecutor$Worker.run(ThreadPoolExecutor.java:635)
 java.base@17.0.8/java.lang.Thread.run(Thread.java:833)
27-Dec-2023 22:34:24.242 WARNING [Thread-2] org.apache.catalina.loader.WebappClassLoaderBase.clearReferencesObjectStreamClassCaches Failed to clear soft references from ObjectStreamClass$Caches for web application [ROOT]
	java.lang.ClassCastException: class java.io.ObjectStreamClass$Caches$1 cannot be cast to class java.util.Map (java.io.ObjectStreamClass$Caches$1 and java.util.Map are in module java.base of loader 'bootstrap')
		at org.apache.catalina.loader.WebappClassLoaderBase.clearCache(WebappClassLoaderBase.java:2336)
		at org.apache.catalina.loader.WebappClassLoaderBase.clearReferencesObjectStreamClassCaches(WebappClassLoaderBase.java:2311)
		at org.apache.catalina.loader.WebappClassLoaderBase.clearReferences(WebappClassLoaderBase.java:1674)
		at org.apache.catalina.loader.WebappClassLoaderBase.stop(WebappClassLoaderBase.java:1602)
		at org.apache.catalina.loader.WebappLoader.stopInternal(WebappLoader.java:463)
		at org.apache.catalina.util.LifecycleBase.stop(LifecycleBase.java:257)
		at org.apache.catalina.core.StandardContext.stopInternal(StandardContext.java:5515)
		at org.apache.catalina.util.LifecycleBase.stop(LifecycleBase.java:257)
		at org.apache.catalina.core.ContainerBase$StopChild.call(ContainerBase.java:1412)
		at org.apache.catalina.core.ContainerBase$StopChild.call(ContainerBase.java:1401)
		at java.base/java.util.concurrent.FutureTask.run(FutureTask.java:264)
		at org.apache.tomcat.util.threads.InlineExecutorService.execute(InlineExecutorService.java:75)
		at java.base/java.util.concurrent.AbstractExecutorService.submit(AbstractExecutorService.java:145)
		at org.apache.catalina.core.ContainerBase.stopInternal(ContainerBase.java:986)
		at org.apache.catalina.util.LifecycleBase.stop(LifecycleBase.java:257)
		at org.apache.catalina.core.ContainerBase$StopChild.call(ContainerBase.java:1412)
		at org.apache.catalina.core.ContainerBase$StopChild.call(ContainerBase.java:1401)
		at java.base/java.util.concurrent.FutureTask.run(FutureTask.java:264)
		at org.apache.tomcat.util.threads.InlineExecutorService.execute(InlineExecutorService.java:75)
		at java.base/java.util.concurrent.AbstractExecutorService.submit(AbstractExecutorService.java:145)
		at org.apache.catalina.core.ContainerBase.stopInternal(ContainerBase.java:986)
		at org.apache.catalina.util.LifecycleBase.stop(LifecycleBase.java:257)
		at org.apache.catalina.core.StandardService.stopInternal(StandardService.java:497)
		at org.apache.catalina.util.LifecycleBase.stop(LifecycleBase.java:257)
		at org.apache.catalina.core.StandardServer.stopInternal(StandardServer.java:979)
		at org.apache.catalina.util.LifecycleBase.stop(LifecycleBase.java:257)
		at org.apache.catalina.startup.Catalina.stop(Catalina.java:849)
		at org.apache.catalina.startup.Catalina$CatalinaShutdownHook.run(Catalina.java:996)
27-Dec-2023 22:34:24.246 INFO [Thread-2] org.apache.coyote.AbstractProtocol.stop Stopping ProtocolHandler ["http-nio-8083"]
27-Dec-2023 22:34:24.263 INFO [Thread-2] org.apache.coyote.AbstractProtocol.destroy Destroying ProtocolHandler ["http-nio-8083"]
27-Dec-2023 22:34:25.916 INFO [main] org.apache.catalina.startup.VersionLoggerListener.log Server version name:   Apache Tomcat/9.0.62
27-Dec-2023 22:34:25.920 INFO [main] org.apache.catalina.startup.VersionLoggerListener.log Server built:          Mar 31 2022 14:34:15 UTC
27-Dec-2023 22:34:25.920 INFO [main] org.apache.catalina.startup.VersionLoggerListener.log Server version number: 9.0.62.0
27-Dec-2023 22:34:25.920 INFO [main] org.apache.catalina.startup.VersionLoggerListener.log OS Name:               Windows 11
27-Dec-2023 22:34:25.920 INFO [main] org.apache.catalina.startup.VersionLoggerListener.log OS Version:            10.0
27-Dec-2023 22:34:25.920 INFO [main] org.apache.catalina.startup.VersionLoggerListener.log Architecture:          amd64
27-Dec-2023 22:34:25.920 INFO [main] org.apache.catalina.startup.VersionLoggerListener.log Java Home:             C:\Program Files\Java\jdk-17
27-Dec-2023 22:34:25.920 INFO [main] org.apache.catalina.startup.VersionLoggerListener.log JVM Version:           17.0.8+9-LTS-211
27-Dec-2023 22:34:25.920 INFO [main] org.apache.catalina.startup.VersionLoggerListener.log JVM Vendor:            Oracle Corporation
27-Dec-2023 22:34:25.920 INFO [main] org.apache.catalina.startup.VersionLoggerListener.log CATALINA_BASE:         F:\WebProject\project-final-main
27-Dec-2023 22:34:25.920 INFO [main] org.apache.catalina.startup.VersionLoggerListener.log CATALINA_HOME:         F:\Javaweb\apache-tomcat-9.0.62
27-Dec-2023 22:34:25.930 INFO [main] org.apache.catalina.startup.VersionLoggerListener.log Command line argument: --add-opens=java.base/java.lang=ALL-UNNAMED
27-Dec-2023 22:34:25.930 INFO [main] org.apache.catalina.startup.VersionLoggerListener.log Command line argument: --add-opens=java.base/java.io=ALL-UNNAMED
27-Dec-2023 22:34:25.930 INFO [main] org.apache.catalina.startup.VersionLoggerListener.log Command line argument: --add-opens=java.base/java.util=ALL-UNNAMED
27-Dec-2023 22:34:25.930 INFO [main] org.apache.catalina.startup.VersionLoggerListener.log Command line argument: --add-opens=java.base/java.util.concurrent=ALL-UNNAMED
27-Dec-2023 22:34:25.930 INFO [main] org.apache.catalina.startup.VersionLoggerListener.log Command line argument: --add-opens=java.rmi/sun.rmi.transport=ALL-UNNAMED
27-Dec-2023 22:34:25.930 INFO [main] org.apache.catalina.startup.VersionLoggerListener.log Command line argument: -Dcatalina.home=F:\Javaweb\apache-tomcat-9.0.62
27-Dec-2023 22:34:25.930 INFO [main] org.apache.catalina.startup.VersionLoggerListener.log Command line argument: -Dcatalina.base=F:\WebProject\project-final-main
27-Dec-2023 22:34:25.930 INFO [main] org.apache.catalina.startup.VersionLoggerListener.log Command line argument: -Djava.io.tmpdir=F:\WebProject\project-final-main\temp
27-Dec-2023 22:34:25.930 INFO [main] org.apache.catalina.startup.VersionLoggerListener.log Command line argument: -Djava.util.logging.config.file=F:\WebProject\project-final-main\conf\logging.properties
27-Dec-2023 22:34:25.930 INFO [main] org.apache.catalina.startup.VersionLoggerListener.log Command line argument: -Djava.util.logging.manager=org.apache.juli.ClassLoaderLogManager
27-Dec-2023 22:34:25.930 INFO [main] org.apache.catalina.startup.VersionLoggerListener.log Command line argument: -javaagent:E:\Inteliji\IntelliJ IDEA Community Edition 2023.2.1\lib\idea_rt.jar=56062:E:\Inteliji\IntelliJ IDEA Community Edition 2023.2.1\bin
27-Dec-2023 22:34:25.930 INFO [main] org.apache.catalina.startup.VersionLoggerListener.log Command line argument: -Dfile.encoding=UTF-8
27-Dec-2023 22:34:25.932 INFO [main] org.apache.catalina.core.AprLifecycleListener.lifecycleEvent Loaded Apache Tomcat Native library [1.2.32] using APR version [1.7.0].
27-Dec-2023 22:34:25.934 INFO [main] org.apache.catalina.core.AprLifecycleListener.lifecycleEvent APR capabilities: IPv6 [true], sendfile [true], accept filters [false], random [true], UDS [true].
27-Dec-2023 22:34:25.934 INFO [main] org.apache.catalina.core.AprLifecycleListener.lifecycleEvent APR/OpenSSL configuration: useAprConnector [false], useOpenSSL [true]
27-Dec-2023 22:34:25.938 INFO [main] org.apache.catalina.core.AprLifecycleListener.initializeSSL OpenSSL successfully initialized [OpenSSL 1.1.1n  15 Mar 2022]
27-Dec-2023 22:34:26.239 INFO [main] org.apache.coyote.AbstractProtocol.init Initializing ProtocolHandler ["http-nio-8083"]
27-Dec-2023 22:34:26.264 INFO [main] org.apache.catalina.startup.Catalina.load Server initialization in [489] milliseconds
27-Dec-2023 22:34:26.305 INFO [main] org.apache.catalina.core.StandardService.startInternal Starting service [Catalina]
27-Dec-2023 22:34:26.306 INFO [main] org.apache.catalina.core.StandardEngine.startInternal Starting Servlet engine: [Apache Tomcat/9.0.62]
27-Dec-2023 22:34:26.315 INFO [main] org.apache.catalina.startup.HostConfig.deployDescriptor Deploying deployment descriptor [F:\WebProject\project-final-main\conf\Catalina\localhost\ROOT.xml]
27-Dec-2023 22:34:26.332 WARNING [main] org.apache.catalina.startup.HostConfig.deployDescriptor The path attribute with value [/Spring_MVC_Project_Final] in deployment descriptor [F:\WebProject\project-final-main\conf\Catalina\localhost\ROOT.xml] has been ignored
27-Dec-2023 22:34:28.495 INFO [main] org.apache.jasper.servlet.TldScanner.scanJars At least one JAR was scanned for TLDs yet contained no TLDs. Enable debug logging for this logger for a complete list of JARs that were scanned but no TLDs were found in them. Skipping unneeded JARs during scanning can improve startup time and JSP compilation time.
27-Dec-2023 22:34:33.637 INFO [main] org.apache.catalina.startup.HostConfig.deployDescriptor Deployment of deployment descriptor [F:\WebProject\project-final-main\conf\Catalina\localhost\ROOT.xml] has finished in [7,321] ms
27-Dec-2023 22:34:33.642 INFO [main] org.apache.coyote.AbstractProtocol.start Starting ProtocolHandler ["http-nio-8083"]
27-Dec-2023 22:34:33.659 INFO [main] org.apache.catalina.startup.Catalina.start Server startup in [7394] milliseconds
27-Dec-2023 22:36:00.151 INFO [Thread-2] org.apache.coyote.AbstractProtocol.pause Pausing ProtocolHandler ["http-nio-8083"]
27-Dec-2023 22:36:00.158 INFO [Thread-2] org.apache.catalina.core.StandardService.stopInternal Stopping service [Catalina]
27-Dec-2023 22:36:00.187 WARNING [Thread-2] org.apache.catalina.loader.WebappClassLoaderBase.clearReferencesJdbc The web application [ROOT] registered the JDBC driver [com.mysql.cj.jdbc.Driver] but failed to unregister it when the web application was stopped. To prevent a memory leak, the JDBC Driver has been forcibly unregistered.
27-Dec-2023 22:36:00.188 WARNING [Thread-2] org.apache.catalina.loader.WebappClassLoaderBase.clearReferencesThreads The web application [ROOT] appears to have started a thread named [mysql-cj-abandoned-connection-cleanup] but has failed to stop it. This is very likely to create a memory leak. Stack trace of thread:
 java.base@17.0.8/java.lang.Object.wait(Native Method)
 java.base@17.0.8/java.lang.ref.ReferenceQueue.remove(ReferenceQueue.java:155)
 com.mysql.cj.jdbc.AbandonedConnectionCleanupThread.run(AbandonedConnectionCleanupThread.java:91)
 java.base@17.0.8/java.util.concurrent.ThreadPoolExecutor.runWorker(ThreadPoolExecutor.java:1136)
 java.base@17.0.8/java.util.concurrent.ThreadPoolExecutor$Worker.run(ThreadPoolExecutor.java:635)
 java.base@17.0.8/java.lang.Thread.run(Thread.java:833)
27-Dec-2023 22:36:00.188 WARNING [Thread-2] org.apache.catalina.loader.WebappClassLoaderBase.clearReferencesObjectStreamClassCaches Failed to clear soft references from ObjectStreamClass$Caches for web application [ROOT]
	java.lang.ClassCastException: class java.io.ObjectStreamClass$Caches$1 cannot be cast to class java.util.Map (java.io.ObjectStreamClass$Caches$1 and java.util.Map are in module java.base of loader 'bootstrap')
		at org.apache.catalina.loader.WebappClassLoaderBase.clearCache(WebappClassLoaderBase.java:2336)
		at org.apache.catalina.loader.WebappClassLoaderBase.clearReferencesObjectStreamClassCaches(WebappClassLoaderBase.java:2311)
		at org.apache.catalina.loader.WebappClassLoaderBase.clearReferences(WebappClassLoaderBase.java:1674)
		at org.apache.catalina.loader.WebappClassLoaderBase.stop(WebappClassLoaderBase.java:1602)
		at org.apache.catalina.loader.WebappLoader.stopInternal(WebappLoader.java:463)
		at org.apache.catalina.util.LifecycleBase.stop(LifecycleBase.java:257)
		at org.apache.catalina.core.StandardContext.stopInternal(StandardContext.java:5515)
		at org.apache.catalina.util.LifecycleBase.stop(LifecycleBase.java:257)
		at org.apache.catalina.core.ContainerBase$StopChild.call(ContainerBase.java:1412)
		at org.apache.catalina.core.ContainerBase$StopChild.call(ContainerBase.java:1401)
		at java.base/java.util.concurrent.FutureTask.run(FutureTask.java:264)
		at org.apache.tomcat.util.threads.InlineExecutorService.execute(InlineExecutorService.java:75)
		at java.base/java.util.concurrent.AbstractExecutorService.submit(AbstractExecutorService.java:145)
		at org.apache.catalina.core.ContainerBase.stopInternal(ContainerBase.java:986)
		at org.apache.catalina.util.LifecycleBase.stop(LifecycleBase.java:257)
		at org.apache.catalina.core.ContainerBase$StopChild.call(ContainerBase.java:1412)
		at org.apache.catalina.core.ContainerBase$StopChild.call(ContainerBase.java:1401)
		at java.base/java.util.concurrent.FutureTask.run(FutureTask.java:264)
		at org.apache.tomcat.util.threads.InlineExecutorService.execute(InlineExecutorService.java:75)
		at java.base/java.util.concurrent.AbstractExecutorService.submit(AbstractExecutorService.java:145)
		at org.apache.catalina.core.ContainerBase.stopInternal(ContainerBase.java:986)
		at org.apache.catalina.util.LifecycleBase.stop(LifecycleBase.java:257)
		at org.apache.catalina.core.StandardService.stopInternal(StandardService.java:497)
		at org.apache.catalina.util.LifecycleBase.stop(LifecycleBase.java:257)
		at org.apache.catalina.core.StandardServer.stopInternal(StandardServer.java:979)
		at org.apache.catalina.util.LifecycleBase.stop(LifecycleBase.java:257)
		at org.apache.catalina.startup.Catalina.stop(Catalina.java:849)
		at org.apache.catalina.startup.Catalina$CatalinaShutdownHook.run(Catalina.java:996)
27-Dec-2023 22:36:00.193 INFO [Thread-2] org.apache.coyote.AbstractProtocol.stop Stopping ProtocolHandler ["http-nio-8083"]
27-Dec-2023 22:36:00.210 INFO [Thread-2] org.apache.coyote.AbstractProtocol.destroy Destroying ProtocolHandler ["http-nio-8083"]
