19-Nov-2023 16:05:46.955 INFO [main] org.apache.catalina.startup.VersionLoggerListener.log Server version name:   Apache Tomcat/9.0.62
19-Nov-2023 16:05:46.959 INFO [main] org.apache.catalina.startup.VersionLoggerListener.log Server built:          Mar 31 2022 14:34:15 UTC
19-Nov-2023 16:05:46.959 INFO [main] org.apache.catalina.startup.VersionLoggerListener.log Server version number: 9.0.62.0
19-Nov-2023 16:05:46.959 INFO [main] org.apache.catalina.startup.VersionLoggerListener.log OS Name:               Windows 11
19-Nov-2023 16:05:46.959 INFO [main] org.apache.catalina.startup.VersionLoggerListener.log OS Version:            10.0
19-Nov-2023 16:05:46.959 INFO [main] org.apache.catalina.startup.VersionLoggerListener.log Architecture:          amd64
19-Nov-2023 16:05:46.959 INFO [main] org.apache.catalina.startup.VersionLoggerListener.log Java Home:             C:\Program Files\Java\jdk-17
19-Nov-2023 16:05:46.959 INFO [main] org.apache.catalina.startup.VersionLoggerListener.log JVM Version:           17.0.8+9-LTS-211
19-Nov-2023 16:05:46.960 INFO [main] org.apache.catalina.startup.VersionLoggerListener.log JVM Vendor:            Oracle Corporation
19-Nov-2023 16:05:46.960 INFO [main] org.apache.catalina.startup.VersionLoggerListener.log CATALINA_BASE:         F:\WebProject\project-final-main
19-Nov-2023 16:05:46.960 INFO [main] org.apache.catalina.startup.VersionLoggerListener.log CATALINA_HOME:         F:\Javaweb\apache-tomcat-9.0.62
19-Nov-2023 16:05:46.968 INFO [main] org.apache.catalina.startup.VersionLoggerListener.log Command line argument: --add-opens=java.base/java.lang=ALL-UNNAMED
19-Nov-2023 16:05:46.968 INFO [main] org.apache.catalina.startup.VersionLoggerListener.log Command line argument: --add-opens=java.base/java.io=ALL-UNNAMED
19-Nov-2023 16:05:46.968 INFO [main] org.apache.catalina.startup.VersionLoggerListener.log Command line argument: --add-opens=java.base/java.util=ALL-UNNAMED
19-Nov-2023 16:05:46.968 INFO [main] org.apache.catalina.startup.VersionLoggerListener.log Command line argument: --add-opens=java.base/java.util.concurrent=ALL-UNNAMED
19-Nov-2023 16:05:46.968 INFO [main] org.apache.catalina.startup.VersionLoggerListener.log Command line argument: --add-opens=java.rmi/sun.rmi.transport=ALL-UNNAMED
19-Nov-2023 16:05:46.968 INFO [main] org.apache.catalina.startup.VersionLoggerListener.log Command line argument: -Dcatalina.home=F:\Javaweb\apache-tomcat-9.0.62
19-Nov-2023 16:05:46.968 INFO [main] org.apache.catalina.startup.VersionLoggerListener.log Command line argument: -Dcatalina.base=F:\WebProject\project-final-main
19-Nov-2023 16:05:46.968 INFO [main] org.apache.catalina.startup.VersionLoggerListener.log Command line argument: -Djava.io.tmpdir=F:\WebProject\project-final-main\temp
19-Nov-2023 16:05:46.968 INFO [main] org.apache.catalina.startup.VersionLoggerListener.log Command line argument: -Djava.util.logging.config.file=F:\WebProject\project-final-main\conf\logging.properties
19-Nov-2023 16:05:46.968 INFO [main] org.apache.catalina.startup.VersionLoggerListener.log Command line argument: -Djava.util.logging.manager=org.apache.juli.ClassLoaderLogManager
19-Nov-2023 16:05:46.968 INFO [main] org.apache.catalina.startup.VersionLoggerListener.log Command line argument: -javaagent:E:\Inteliji\IntelliJ IDEA Community Edition 2023.2.1\lib\idea_rt.jar=57582:E:\Inteliji\IntelliJ IDEA Community Edition 2023.2.1\bin
19-Nov-2023 16:05:46.968 INFO [main] org.apache.catalina.startup.VersionLoggerListener.log Command line argument: -Dfile.encoding=UTF-8
19-Nov-2023 16:05:46.972 INFO [main] org.apache.catalina.core.AprLifecycleListener.lifecycleEvent Loaded Apache Tomcat Native library [1.2.32] using APR version [1.7.0].
19-Nov-2023 16:05:46.972 INFO [main] org.apache.catalina.core.AprLifecycleListener.lifecycleEvent APR capabilities: IPv6 [true], sendfile [true], accept filters [false], random [true], UDS [true].
19-Nov-2023 16:05:46.972 INFO [main] org.apache.catalina.core.AprLifecycleListener.lifecycleEvent APR/OpenSSL configuration: useAprConnector [false], useOpenSSL [true]
19-Nov-2023 16:05:46.976 INFO [main] org.apache.catalina.core.AprLifecycleListener.initializeSSL OpenSSL successfully initialized [OpenSSL 1.1.1n  15 Mar 2022]
19-Nov-2023 16:05:47.253 INFO [main] org.apache.coyote.AbstractProtocol.init Initializing ProtocolHandler ["http-nio-8080"]
19-Nov-2023 16:05:47.275 INFO [main] org.apache.catalina.startup.Catalina.load Server initialization in [528] milliseconds
19-Nov-2023 16:05:47.317 INFO [main] org.apache.catalina.core.StandardService.startInternal Starting service [Catalina]
19-Nov-2023 16:05:47.317 INFO [main] org.apache.catalina.core.StandardEngine.startInternal Starting Servlet engine: [Apache Tomcat/9.0.62]
19-Nov-2023 16:05:47.330 INFO [main] org.apache.catalina.startup.HostConfig.deployDescriptor Deploying deployment descriptor [F:\WebProject\project-final-main\conf\Catalina\localhost\ROOT.xml]
19-Nov-2023 16:05:47.353 WARNING [main] org.apache.catalina.startup.HostConfig.deployDescriptor The path attribute with value [/Spring_MVC_Project_Final] in deployment descriptor [F:\WebProject\project-final-main\conf\Catalina\localhost\ROOT.xml] has been ignored
19-Nov-2023 16:05:50.026 INFO [main] org.apache.jasper.servlet.TldScanner.scanJars At least one JAR was scanned for TLDs yet contained no TLDs. Enable debug logging for this logger for a complete list of JARs that were scanned but no TLDs were found in them. Skipping unneeded JARs during scanning can improve startup time and JSP compilation time.
19-Nov-2023 16:05:55.667 INFO [main] org.apache.catalina.startup.HostConfig.deployDescriptor Deployment of deployment descriptor [F:\WebProject\project-final-main\conf\Catalina\localhost\ROOT.xml] has finished in [8,336] ms
19-Nov-2023 16:05:55.669 INFO [main] org.apache.coyote.AbstractProtocol.start Starting ProtocolHandler ["http-nio-8080"]
19-Nov-2023 16:05:55.690 INFO [main] org.apache.catalina.startup.Catalina.start Server startup in [8414] milliseconds
19-Nov-2023 16:06:51.691 INFO [Thread-2] org.apache.coyote.AbstractProtocol.pause Pausing ProtocolHandler ["http-nio-8080"]
19-Nov-2023 16:06:51.697 INFO [Thread-2] org.apache.catalina.core.StandardService.stopInternal Stopping service [Catalina]
19-Nov-2023 16:06:51.719 WARNING [Thread-2] org.apache.catalina.loader.WebappClassLoaderBase.clearReferencesJdbc The web application [ROOT] registered the JDBC driver [com.mysql.cj.jdbc.Driver] but failed to unregister it when the web application was stopped. To prevent a memory leak, the JDBC Driver has been forcibly unregistered.
19-Nov-2023 16:06:51.720 WARNING [Thread-2] org.apache.catalina.loader.WebappClassLoaderBase.clearReferencesThreads The web application [ROOT] appears to have started a thread named [mysql-cj-abandoned-connection-cleanup] but has failed to stop it. This is very likely to create a memory leak. Stack trace of thread:
 java.base@17.0.8/java.lang.Object.wait(Native Method)
 java.base@17.0.8/java.lang.ref.ReferenceQueue.remove(ReferenceQueue.java:155)
 com.mysql.cj.jdbc.AbandonedConnectionCleanupThread.run(AbandonedConnectionCleanupThread.java:91)
 java.base@17.0.8/java.util.concurrent.ThreadPoolExecutor.runWorker(ThreadPoolExecutor.java:1136)
 java.base@17.0.8/java.util.concurrent.ThreadPoolExecutor$Worker.run(ThreadPoolExecutor.java:635)
 java.base@17.0.8/java.lang.Thread.run(Thread.java:833)
19-Nov-2023 16:06:51.721 WARNING [Thread-2] org.apache.catalina.loader.WebappClassLoaderBase.clearReferencesObjectStreamClassCaches Failed to clear soft references from ObjectStreamClass$Caches for web application [ROOT]
	java.lang.ClassCastException: class java.io.ObjectStreamClass$Caches$1 cannot be cast to class java.util.Map (java.io.ObjectStreamClass$Caches$1 and java.util.Map are in module java.base of loader 'bootstrap')
		at org.apache.catalina.loader.WebappClassLoaderBase.clearCache(WebappClassLoaderBase.java:2336)
		at org.apache.catalina.loader.WebappClassLoaderBase.clearReferencesObjectStreamClassCaches(WebappClassLoaderBase.java:2311)
		at org.apache.catalina.loader.WebappClassLoaderBase.clearReferences(WebappClassLoaderBase.java:1674)
		at org.apache.catalina.loader.WebappClassLoaderBase.stop(WebappClassLoaderBase.java:1602)
		at org.apache.catalina.loader.WebappLoader.stopInternal(WebappLoader.java:463)
		at org.apache.catalina.util.LifecycleBase.stop(LifecycleBase.java:257)
		at org.apache.catalina.core.StandardContext.stopInternal(StandardContext.java:5515)
		at org.apache.catalina.util.LifecycleBase.stop(LifecycleBase.java:257)
		at org.apache.catalina.core.ContainerBase$StopChild.call(ContainerBase.java:1412)
		at org.apache.catalina.core.ContainerBase$StopChild.call(ContainerBase.java:1401)
		at java.base/java.util.concurrent.FutureTask.run(FutureTask.java:264)
		at org.apache.tomcat.util.threads.InlineExecutorService.execute(InlineExecutorService.java:75)
		at java.base/java.util.concurrent.AbstractExecutorService.submit(AbstractExecutorService.java:145)
		at org.apache.catalina.core.ContainerBase.stopInternal(ContainerBase.java:986)
		at org.apache.catalina.util.LifecycleBase.stop(LifecycleBase.java:257)
		at org.apache.catalina.core.ContainerBase$StopChild.call(ContainerBase.java:1412)
		at org.apache.catalina.core.ContainerBase$StopChild.call(ContainerBase.java:1401)
		at java.base/java.util.concurrent.FutureTask.run(FutureTask.java:264)
		at org.apache.tomcat.util.threads.InlineExecutorService.execute(InlineExecutorService.java:75)
		at java.base/java.util.concurrent.AbstractExecutorService.submit(AbstractExecutorService.java:145)
		at org.apache.catalina.core.ContainerBase.stopInternal(ContainerBase.java:986)
		at org.apache.catalina.util.LifecycleBase.stop(LifecycleBase.java:257)
		at org.apache.catalina.core.StandardService.stopInternal(StandardService.java:497)
		at org.apache.catalina.util.LifecycleBase.stop(LifecycleBase.java:257)
		at org.apache.catalina.core.StandardServer.stopInternal(StandardServer.java:979)
		at org.apache.catalina.util.LifecycleBase.stop(LifecycleBase.java:257)
		at org.apache.catalina.startup.Catalina.stop(Catalina.java:849)
		at org.apache.catalina.startup.Catalina$CatalinaShutdownHook.run(Catalina.java:996)
19-Nov-2023 16:06:51.726 INFO [Thread-2] org.apache.coyote.AbstractProtocol.stop Stopping ProtocolHandler ["http-nio-8080"]
19-Nov-2023 16:06:51.737 INFO [Thread-2] org.apache.coyote.AbstractProtocol.destroy Destroying ProtocolHandler ["http-nio-8080"]
19-Nov-2023 16:27:42.365 INFO [main] org.apache.catalina.startup.VersionLoggerListener.log Server version name:   Apache Tomcat/9.0.62
19-Nov-2023 16:27:42.369 INFO [main] org.apache.catalina.startup.VersionLoggerListener.log Server built:          Mar 31 2022 14:34:15 UTC
19-Nov-2023 16:27:42.370 INFO [main] org.apache.catalina.startup.VersionLoggerListener.log Server version number: 9.0.62.0
19-Nov-2023 16:27:42.370 INFO [main] org.apache.catalina.startup.VersionLoggerListener.log OS Name:               Windows 11
19-Nov-2023 16:27:42.370 INFO [main] org.apache.catalina.startup.VersionLoggerListener.log OS Version:            10.0
19-Nov-2023 16:27:42.370 INFO [main] org.apache.catalina.startup.VersionLoggerListener.log Architecture:          amd64
19-Nov-2023 16:27:42.370 INFO [main] org.apache.catalina.startup.VersionLoggerListener.log Java Home:             C:\Program Files\Java\jdk-17
19-Nov-2023 16:27:42.370 INFO [main] org.apache.catalina.startup.VersionLoggerListener.log JVM Version:           17.0.8+9-LTS-211
19-Nov-2023 16:27:42.370 INFO [main] org.apache.catalina.startup.VersionLoggerListener.log JVM Vendor:            Oracle Corporation
19-Nov-2023 16:27:42.370 INFO [main] org.apache.catalina.startup.VersionLoggerListener.log CATALINA_BASE:         F:\WebProject\project-final-main
19-Nov-2023 16:27:42.370 INFO [main] org.apache.catalina.startup.VersionLoggerListener.log CATALINA_HOME:         F:\Javaweb\apache-tomcat-9.0.62
19-Nov-2023 16:27:42.380 INFO [main] org.apache.catalina.startup.VersionLoggerListener.log Command line argument: --add-opens=java.base/java.lang=ALL-UNNAMED
19-Nov-2023 16:27:42.380 INFO [main] org.apache.catalina.startup.VersionLoggerListener.log Command line argument: --add-opens=java.base/java.io=ALL-UNNAMED
19-Nov-2023 16:27:42.380 INFO [main] org.apache.catalina.startup.VersionLoggerListener.log Command line argument: --add-opens=java.base/java.util=ALL-UNNAMED
19-Nov-2023 16:27:42.381 INFO [main] org.apache.catalina.startup.VersionLoggerListener.log Command line argument: --add-opens=java.base/java.util.concurrent=ALL-UNNAMED
19-Nov-2023 16:27:42.381 INFO [main] org.apache.catalina.startup.VersionLoggerListener.log Command line argument: --add-opens=java.rmi/sun.rmi.transport=ALL-UNNAMED
19-Nov-2023 16:27:42.381 INFO [main] org.apache.catalina.startup.VersionLoggerListener.log Command line argument: -Dcatalina.home=F:\Javaweb\apache-tomcat-9.0.62
19-Nov-2023 16:27:42.381 INFO [main] org.apache.catalina.startup.VersionLoggerListener.log Command line argument: -Dcatalina.base=F:\WebProject\project-final-main
19-Nov-2023 16:27:42.381 INFO [main] org.apache.catalina.startup.VersionLoggerListener.log Command line argument: -Djava.io.tmpdir=F:\WebProject\project-final-main\temp
19-Nov-2023 16:27:42.381 INFO [main] org.apache.catalina.startup.VersionLoggerListener.log Command line argument: -Djava.util.logging.config.file=F:\WebProject\project-final-main\conf\logging.properties
19-Nov-2023 16:27:42.381 INFO [main] org.apache.catalina.startup.VersionLoggerListener.log Command line argument: -Djava.util.logging.manager=org.apache.juli.ClassLoaderLogManager
19-Nov-2023 16:27:42.381 INFO [main] org.apache.catalina.startup.VersionLoggerListener.log Command line argument: -javaagent:E:\Inteliji\IntelliJ IDEA Community Edition 2023.2.1\lib\idea_rt.jar=58122:E:\Inteliji\IntelliJ IDEA Community Edition 2023.2.1\bin
19-Nov-2023 16:27:42.381 INFO [main] org.apache.catalina.startup.VersionLoggerListener.log Command line argument: -Dfile.encoding=UTF-8
19-Nov-2023 16:27:42.385 INFO [main] org.apache.catalina.core.AprLifecycleListener.lifecycleEvent Loaded Apache Tomcat Native library [1.2.32] using APR version [1.7.0].
19-Nov-2023 16:27:42.385 INFO [main] org.apache.catalina.core.AprLifecycleListener.lifecycleEvent APR capabilities: IPv6 [true], sendfile [true], accept filters [false], random [true], UDS [true].
19-Nov-2023 16:27:42.385 INFO [main] org.apache.catalina.core.AprLifecycleListener.lifecycleEvent APR/OpenSSL configuration: useAprConnector [false], useOpenSSL [true]
19-Nov-2023 16:27:42.390 INFO [main] org.apache.catalina.core.AprLifecycleListener.initializeSSL OpenSSL successfully initialized [OpenSSL 1.1.1n  15 Mar 2022]
19-Nov-2023 16:27:42.705 INFO [main] org.apache.coyote.AbstractProtocol.init Initializing ProtocolHandler ["http-nio-8080"]
19-Nov-2023 16:27:42.727 INFO [main] org.apache.catalina.startup.Catalina.load Server initialization in [532] milliseconds
19-Nov-2023 16:27:42.779 INFO [main] org.apache.catalina.core.StandardService.startInternal Starting service [Catalina]
19-Nov-2023 16:27:42.779 INFO [main] org.apache.catalina.core.StandardEngine.startInternal Starting Servlet engine: [Apache Tomcat/9.0.62]
19-Nov-2023 16:27:42.791 INFO [main] org.apache.catalina.startup.HostConfig.deployDescriptor Deploying deployment descriptor [F:\WebProject\project-final-main\conf\Catalina\localhost\ROOT.xml]
19-Nov-2023 16:27:42.807 WARNING [main] org.apache.catalina.startup.HostConfig.deployDescriptor The path attribute with value [/Spring_MVC_Project_Final] in deployment descriptor [F:\WebProject\project-final-main\conf\Catalina\localhost\ROOT.xml] has been ignored
19-Nov-2023 16:27:45.360 INFO [main] org.apache.jasper.servlet.TldScanner.scanJars At least one JAR was scanned for TLDs yet contained no TLDs. Enable debug logging for this logger for a complete list of JARs that were scanned but no TLDs were found in them. Skipping unneeded JARs during scanning can improve startup time and JSP compilation time.
19-Nov-2023 16:27:50.827 INFO [main] org.apache.catalina.startup.HostConfig.deployDescriptor Deployment of deployment descriptor [F:\WebProject\project-final-main\conf\Catalina\localhost\ROOT.xml] has finished in [8,034] ms
19-Nov-2023 16:27:50.831 INFO [main] org.apache.coyote.AbstractProtocol.start Starting ProtocolHandler ["http-nio-8080"]
19-Nov-2023 16:27:50.852 INFO [main] org.apache.catalina.startup.Catalina.start Server startup in [8124] milliseconds
19-Nov-2023 16:28:01.953 INFO [Thread-2] org.apache.coyote.AbstractProtocol.pause Pausing ProtocolHandler ["http-nio-8080"]
19-Nov-2023 16:28:01.960 INFO [Thread-2] org.apache.catalina.core.StandardService.stopInternal Stopping service [Catalina]
19-Nov-2023 16:28:01.987 WARNING [Thread-2] org.apache.catalina.loader.WebappClassLoaderBase.clearReferencesJdbc The web application [ROOT] registered the JDBC driver [com.mysql.cj.jdbc.Driver] but failed to unregister it when the web application was stopped. To prevent a memory leak, the JDBC Driver has been forcibly unregistered.
19-Nov-2023 16:28:01.988 WARNING [Thread-2] org.apache.catalina.loader.WebappClassLoaderBase.clearReferencesThreads The web application [ROOT] appears to have started a thread named [mysql-cj-abandoned-connection-cleanup] but has failed to stop it. This is very likely to create a memory leak. Stack trace of thread:
 java.base@17.0.8/java.lang.Object.wait(Native Method)
 java.base@17.0.8/java.lang.ref.ReferenceQueue.remove(ReferenceQueue.java:155)
 com.mysql.cj.jdbc.AbandonedConnectionCleanupThread.run(AbandonedConnectionCleanupThread.java:91)
 java.base@17.0.8/java.util.concurrent.ThreadPoolExecutor.runWorker(ThreadPoolExecutor.java:1136)
 java.base@17.0.8/java.util.concurrent.ThreadPoolExecutor$Worker.run(ThreadPoolExecutor.java:635)
 java.base@17.0.8/java.lang.Thread.run(Thread.java:833)
19-Nov-2023 16:28:01.988 WARNING [Thread-2] org.apache.catalina.loader.WebappClassLoaderBase.clearReferencesObjectStreamClassCaches Failed to clear soft references from ObjectStreamClass$Caches for web application [ROOT]
	java.lang.ClassCastException: class java.io.ObjectStreamClass$Caches$1 cannot be cast to class java.util.Map (java.io.ObjectStreamClass$Caches$1 and java.util.Map are in module java.base of loader 'bootstrap')
		at org.apache.catalina.loader.WebappClassLoaderBase.clearCache(WebappClassLoaderBase.java:2336)
		at org.apache.catalina.loader.WebappClassLoaderBase.clearReferencesObjectStreamClassCaches(WebappClassLoaderBase.java:2311)
		at org.apache.catalina.loader.WebappClassLoaderBase.clearReferences(WebappClassLoaderBase.java:1674)
		at org.apache.catalina.loader.WebappClassLoaderBase.stop(WebappClassLoaderBase.java:1602)
		at org.apache.catalina.loader.WebappLoader.stopInternal(WebappLoader.java:463)
		at org.apache.catalina.util.LifecycleBase.stop(LifecycleBase.java:257)
		at org.apache.catalina.core.StandardContext.stopInternal(StandardContext.java:5515)
		at org.apache.catalina.util.LifecycleBase.stop(LifecycleBase.java:257)
		at org.apache.catalina.core.ContainerBase$StopChild.call(ContainerBase.java:1412)
		at org.apache.catalina.core.ContainerBase$StopChild.call(ContainerBase.java:1401)
		at java.base/java.util.concurrent.FutureTask.run(FutureTask.java:264)
		at org.apache.tomcat.util.threads.InlineExecutorService.execute(InlineExecutorService.java:75)
		at java.base/java.util.concurrent.AbstractExecutorService.submit(AbstractExecutorService.java:145)
		at org.apache.catalina.core.ContainerBase.stopInternal(ContainerBase.java:986)
		at org.apache.catalina.util.LifecycleBase.stop(LifecycleBase.java:257)
		at org.apache.catalina.core.ContainerBase$StopChild.call(ContainerBase.java:1412)
		at org.apache.catalina.core.ContainerBase$StopChild.call(ContainerBase.java:1401)
		at java.base/java.util.concurrent.FutureTask.run(FutureTask.java:264)
		at org.apache.tomcat.util.threads.InlineExecutorService.execute(InlineExecutorService.java:75)
		at java.base/java.util.concurrent.AbstractExecutorService.submit(AbstractExecutorService.java:145)
		at org.apache.catalina.core.ContainerBase.stopInternal(ContainerBase.java:986)
		at org.apache.catalina.util.LifecycleBase.stop(LifecycleBase.java:257)
		at org.apache.catalina.core.StandardService.stopInternal(StandardService.java:497)
		at org.apache.catalina.util.LifecycleBase.stop(LifecycleBase.java:257)
		at org.apache.catalina.core.StandardServer.stopInternal(StandardServer.java:979)
		at org.apache.catalina.util.LifecycleBase.stop(LifecycleBase.java:257)
		at org.apache.catalina.startup.Catalina.stop(Catalina.java:849)
		at org.apache.catalina.startup.Catalina$CatalinaShutdownHook.run(Catalina.java:996)
19-Nov-2023 16:28:01.993 INFO [Thread-2] org.apache.coyote.AbstractProtocol.stop Stopping ProtocolHandler ["http-nio-8080"]
19-Nov-2023 16:28:02.001 INFO [Thread-2] org.apache.coyote.AbstractProtocol.destroy Destroying ProtocolHandler ["http-nio-8080"]
19-Nov-2023 19:02:05.831 INFO [main] org.apache.catalina.startup.VersionLoggerListener.log Server version name:   Apache Tomcat/9.0.62
19-Nov-2023 19:02:05.834 INFO [main] org.apache.catalina.startup.VersionLoggerListener.log Server built:          Mar 31 2022 14:34:15 UTC
19-Nov-2023 19:02:05.834 INFO [main] org.apache.catalina.startup.VersionLoggerListener.log Server version number: 9.0.62.0
19-Nov-2023 19:02:05.834 INFO [main] org.apache.catalina.startup.VersionLoggerListener.log OS Name:               Windows 11
19-Nov-2023 19:02:05.834 INFO [main] org.apache.catalina.startup.VersionLoggerListener.log OS Version:            10.0
19-Nov-2023 19:02:05.835 INFO [main] org.apache.catalina.startup.VersionLoggerListener.log Architecture:          amd64
19-Nov-2023 19:02:05.835 INFO [main] org.apache.catalina.startup.VersionLoggerListener.log Java Home:             C:\Program Files\Java\jdk-17
19-Nov-2023 19:02:05.835 INFO [main] org.apache.catalina.startup.VersionLoggerListener.log JVM Version:           17.0.8+9-LTS-211
19-Nov-2023 19:02:05.835 INFO [main] org.apache.catalina.startup.VersionLoggerListener.log JVM Vendor:            Oracle Corporation
19-Nov-2023 19:02:05.835 INFO [main] org.apache.catalina.startup.VersionLoggerListener.log CATALINA_BASE:         F:\WebProject\project-final-main
19-Nov-2023 19:02:05.835 INFO [main] org.apache.catalina.startup.VersionLoggerListener.log CATALINA_HOME:         F:\Javaweb\apache-tomcat-9.0.62
19-Nov-2023 19:02:05.841 INFO [main] org.apache.catalina.startup.VersionLoggerListener.log Command line argument: --add-opens=java.base/java.lang=ALL-UNNAMED
19-Nov-2023 19:02:05.841 INFO [main] org.apache.catalina.startup.VersionLoggerListener.log Command line argument: --add-opens=java.base/java.io=ALL-UNNAMED
19-Nov-2023 19:02:05.841 INFO [main] org.apache.catalina.startup.VersionLoggerListener.log Command line argument: --add-opens=java.base/java.util=ALL-UNNAMED
19-Nov-2023 19:02:05.841 INFO [main] org.apache.catalina.startup.VersionLoggerListener.log Command line argument: --add-opens=java.base/java.util.concurrent=ALL-UNNAMED
19-Nov-2023 19:02:05.841 INFO [main] org.apache.catalina.startup.VersionLoggerListener.log Command line argument: --add-opens=java.rmi/sun.rmi.transport=ALL-UNNAMED
19-Nov-2023 19:02:05.841 INFO [main] org.apache.catalina.startup.VersionLoggerListener.log Command line argument: -Dcatalina.home=F:\Javaweb\apache-tomcat-9.0.62
19-Nov-2023 19:02:05.842 INFO [main] org.apache.catalina.startup.VersionLoggerListener.log Command line argument: -Dcatalina.base=F:\WebProject\project-final-main
19-Nov-2023 19:02:05.842 INFO [main] org.apache.catalina.startup.VersionLoggerListener.log Command line argument: -Djava.io.tmpdir=F:\WebProject\project-final-main\temp
19-Nov-2023 19:02:05.842 INFO [main] org.apache.catalina.startup.VersionLoggerListener.log Command line argument: -Djava.util.logging.config.file=F:\WebProject\project-final-main\conf\logging.properties
19-Nov-2023 19:02:05.842 INFO [main] org.apache.catalina.startup.VersionLoggerListener.log Command line argument: -Djava.util.logging.manager=org.apache.juli.ClassLoaderLogManager
19-Nov-2023 19:02:05.842 INFO [main] org.apache.catalina.startup.VersionLoggerListener.log Command line argument: -javaagent:E:\Inteliji\IntelliJ IDEA Community Edition 2023.2.1\lib\idea_rt.jar=56727:E:\Inteliji\IntelliJ IDEA Community Edition 2023.2.1\bin
19-Nov-2023 19:02:05.842 INFO [main] org.apache.catalina.startup.VersionLoggerListener.log Command line argument: -Dfile.encoding=UTF-8
19-Nov-2023 19:02:05.870 INFO [main] org.apache.catalina.core.AprLifecycleListener.lifecycleEvent Loaded Apache Tomcat Native library [1.2.32] using APR version [1.7.0].
19-Nov-2023 19:02:05.870 INFO [main] org.apache.catalina.core.AprLifecycleListener.lifecycleEvent APR capabilities: IPv6 [true], sendfile [true], accept filters [false], random [true], UDS [true].
19-Nov-2023 19:02:05.870 INFO [main] org.apache.catalina.core.AprLifecycleListener.lifecycleEvent APR/OpenSSL configuration: useAprConnector [false], useOpenSSL [true]
19-Nov-2023 19:02:05.886 INFO [main] org.apache.catalina.core.AprLifecycleListener.initializeSSL OpenSSL successfully initialized [OpenSSL 1.1.1n  15 Mar 2022]
19-Nov-2023 19:02:06.146 INFO [main] org.apache.coyote.AbstractProtocol.init Initializing ProtocolHandler ["http-nio-8080"]
19-Nov-2023 19:02:06.168 INFO [main] org.apache.catalina.startup.Catalina.load Server initialization in [498] milliseconds
19-Nov-2023 19:02:06.215 INFO [main] org.apache.catalina.core.StandardService.startInternal Starting service [Catalina]
19-Nov-2023 19:02:06.215 INFO [main] org.apache.catalina.core.StandardEngine.startInternal Starting Servlet engine: [Apache Tomcat/9.0.62]
19-Nov-2023 19:02:06.223 INFO [main] org.apache.catalina.startup.HostConfig.deployDescriptor Deploying deployment descriptor [F:\WebProject\project-final-main\conf\Catalina\localhost\ROOT.xml]
19-Nov-2023 19:02:06.236 WARNING [main] org.apache.catalina.startup.HostConfig.deployDescriptor The path attribute with value [/Spring_MVC_Project_Final] in deployment descriptor [F:\WebProject\project-final-main\conf\Catalina\localhost\ROOT.xml] has been ignored
19-Nov-2023 19:02:08.896 INFO [main] org.apache.jasper.servlet.TldScanner.scanJars At least one JAR was scanned for TLDs yet contained no TLDs. Enable debug logging for this logger for a complete list of JARs that were scanned but no TLDs were found in them. Skipping unneeded JARs during scanning can improve startup time and JSP compilation time.
19-Nov-2023 19:02:15.402 INFO [main] org.apache.catalina.startup.HostConfig.deployDescriptor Deployment of deployment descriptor [F:\WebProject\project-final-main\conf\Catalina\localhost\ROOT.xml] has finished in [9,178] ms
19-Nov-2023 19:02:15.404 INFO [main] org.apache.coyote.AbstractProtocol.start Starting ProtocolHandler ["http-nio-8080"]
19-Nov-2023 19:02:15.420 INFO [main] org.apache.catalina.startup.Catalina.start Server startup in [9250] milliseconds
19-Nov-2023 20:15:40.769 INFO [Thread-2] org.apache.coyote.AbstractProtocol.pause Pausing ProtocolHandler ["http-nio-8080"]
19-Nov-2023 20:15:40.778 INFO [Thread-2] org.apache.catalina.core.StandardService.stopInternal Stopping service [Catalina]
19-Nov-2023 20:15:40.805 WARNING [Thread-2] org.apache.catalina.loader.WebappClassLoaderBase.clearReferencesJdbc The web application [ROOT] registered the JDBC driver [com.mysql.cj.jdbc.Driver] but failed to unregister it when the web application was stopped. To prevent a memory leak, the JDBC Driver has been forcibly unregistered.
19-Nov-2023 20:15:40.806 WARNING [Thread-2] org.apache.catalina.loader.WebappClassLoaderBase.clearReferencesThreads The web application [ROOT] appears to have started a thread named [mysql-cj-abandoned-connection-cleanup] but has failed to stop it. This is very likely to create a memory leak. Stack trace of thread:
 java.base@17.0.8/java.lang.Object.wait(Native Method)
 java.base@17.0.8/java.lang.ref.ReferenceQueue.remove(ReferenceQueue.java:155)
 com.mysql.cj.jdbc.AbandonedConnectionCleanupThread.run(AbandonedConnectionCleanupThread.java:91)
 java.base@17.0.8/java.util.concurrent.ThreadPoolExecutor.runWorker(ThreadPoolExecutor.java:1136)
 java.base@17.0.8/java.util.concurrent.ThreadPoolExecutor$Worker.run(ThreadPoolExecutor.java:635)
 java.base@17.0.8/java.lang.Thread.run(Thread.java:833)
19-Nov-2023 20:15:40.806 WARNING [Thread-2] org.apache.catalina.loader.WebappClassLoaderBase.clearReferencesObjectStreamClassCaches Failed to clear soft references from ObjectStreamClass$Caches for web application [ROOT]
	java.lang.ClassCastException: class java.io.ObjectStreamClass$Caches$1 cannot be cast to class java.util.Map (java.io.ObjectStreamClass$Caches$1 and java.util.Map are in module java.base of loader 'bootstrap')
		at org.apache.catalina.loader.WebappClassLoaderBase.clearCache(WebappClassLoaderBase.java:2336)
		at org.apache.catalina.loader.WebappClassLoaderBase.clearReferencesObjectStreamClassCaches(WebappClassLoaderBase.java:2311)
		at org.apache.catalina.loader.WebappClassLoaderBase.clearReferences(WebappClassLoaderBase.java:1674)
		at org.apache.catalina.loader.WebappClassLoaderBase.stop(WebappClassLoaderBase.java:1602)
		at org.apache.catalina.loader.WebappLoader.stopInternal(WebappLoader.java:463)
		at org.apache.catalina.util.LifecycleBase.stop(LifecycleBase.java:257)
		at org.apache.catalina.core.StandardContext.stopInternal(StandardContext.java:5515)
		at org.apache.catalina.util.LifecycleBase.stop(LifecycleBase.java:257)
		at org.apache.catalina.core.ContainerBase$StopChild.call(ContainerBase.java:1412)
		at org.apache.catalina.core.ContainerBase$StopChild.call(ContainerBase.java:1401)
		at java.base/java.util.concurrent.FutureTask.run(FutureTask.java:264)
		at org.apache.tomcat.util.threads.InlineExecutorService.execute(InlineExecutorService.java:75)
		at java.base/java.util.concurrent.AbstractExecutorService.submit(AbstractExecutorService.java:145)
		at org.apache.catalina.core.ContainerBase.stopInternal(ContainerBase.java:986)
		at org.apache.catalina.util.LifecycleBase.stop(LifecycleBase.java:257)
		at org.apache.catalina.core.ContainerBase$StopChild.call(ContainerBase.java:1412)
		at org.apache.catalina.core.ContainerBase$StopChild.call(ContainerBase.java:1401)
		at java.base/java.util.concurrent.FutureTask.run(FutureTask.java:264)
		at org.apache.tomcat.util.threads.InlineExecutorService.execute(InlineExecutorService.java:75)
		at java.base/java.util.concurrent.AbstractExecutorService.submit(AbstractExecutorService.java:145)
		at org.apache.catalina.core.ContainerBase.stopInternal(ContainerBase.java:986)
		at org.apache.catalina.util.LifecycleBase.stop(LifecycleBase.java:257)
		at org.apache.catalina.core.StandardService.stopInternal(StandardService.java:497)
		at org.apache.catalina.util.LifecycleBase.stop(LifecycleBase.java:257)
		at org.apache.catalina.core.StandardServer.stopInternal(StandardServer.java:979)
		at org.apache.catalina.util.LifecycleBase.stop(LifecycleBase.java:257)
		at org.apache.catalina.startup.Catalina.stop(Catalina.java:849)
		at org.apache.catalina.startup.Catalina$CatalinaShutdownHook.run(Catalina.java:996)
19-Nov-2023 20:15:40.811 INFO [Thread-2] org.apache.coyote.AbstractProtocol.stop Stopping ProtocolHandler ["http-nio-8080"]
19-Nov-2023 20:15:40.829 INFO [Thread-2] org.apache.coyote.AbstractProtocol.destroy Destroying ProtocolHandler ["http-nio-8080"]
