14-Nov-2023 21:44:30.676 INFO [main] org.apache.catalina.core.ApplicationContext.log 3 Spring WebApplicationInitializers detected on classpath
14-Nov-2023 21:44:30.750 INFO [main] org.apache.catalina.core.ApplicationContext.log Initializing Spring root WebApplicationContext
14-Nov-2023 21:44:35.519 INFO [main] org.apache.catalina.core.ApplicationContext.log Initializing Spring DispatcherServlet 'dispatcher'
14-Nov-2023 22:08:01.693 INFO [Thread-2] org.apache.catalina.core.ApplicationContext.log Destroying Spring FrameworkServlet 'dispatcher'
14-Nov-2023 22:08:01.711 INFO [Thread-2] org.apache.catalina.core.ApplicationContext.log Closing Spring root WebApplicationContext
14-Nov-2023 22:08:05.883 INFO [main] org.apache.catalina.core.ApplicationContext.log 3 Spring WebApplicationInitializers detected on classpath
14-Nov-2023 22:08:05.960 INFO [main] org.apache.catalina.core.ApplicationContext.log Initializing Spring root WebApplicationContext
14-Nov-2023 22:08:10.661 INFO [main] org.apache.catalina.core.ApplicationContext.log Initializing Spring DispatcherServlet 'dispatcher'
14-Nov-2023 22:22:37.008 INFO [Thread-2] org.apache.catalina.core.ApplicationContext.log Destroying Spring FrameworkServlet 'dispatcher'
14-Nov-2023 22:22:37.022 INFO [Thread-2] org.apache.catalina.core.ApplicationContext.log Closing Spring root WebApplicationContext
14-Nov-2023 22:22:40.940 INFO [main] org.apache.catalina.core.ApplicationContext.log 3 Spring WebApplicationInitializers detected on classpath
14-Nov-2023 22:22:41.018 INFO [main] org.apache.catalina.core.ApplicationContext.log Initializing Spring root WebApplicationContext
14-Nov-2023 22:22:45.168 INFO [main] org.apache.catalina.core.ApplicationContext.log Initializing Spring DispatcherServlet 'dispatcher'
14-Nov-2023 22:31:43.195 INFO [Thread-2] org.apache.catalina.core.ApplicationContext.log Destroying Spring FrameworkServlet 'dispatcher'
14-Nov-2023 22:31:43.209 INFO [Thread-2] org.apache.catalina.core.ApplicationContext.log Closing Spring root WebApplicationContext
14-Nov-2023 22:31:59.101 INFO [main] org.apache.catalina.core.ApplicationContext.log 3 Spring WebApplicationInitializers detected on classpath
14-Nov-2023 22:31:59.173 INFO [main] org.apache.catalina.core.ApplicationContext.log Initializing Spring root WebApplicationContext
14-Nov-2023 22:32:03.439 INFO [main] org.apache.catalina.core.ApplicationContext.log Initializing Spring DispatcherServlet 'dispatcher'
14-Nov-2023 22:41:45.324 INFO [Thread-2] org.apache.catalina.core.ApplicationContext.log Destroying Spring FrameworkServlet 'dispatcher'
14-Nov-2023 22:41:45.342 INFO [Thread-2] org.apache.catalina.core.ApplicationContext.log Closing Spring root WebApplicationContext
14-Nov-2023 22:41:48.998 INFO [main] org.apache.catalina.core.ApplicationContext.log 3 Spring WebApplicationInitializers detected on classpath
14-Nov-2023 22:41:49.068 INFO [main] org.apache.catalina.core.ApplicationContext.log Initializing Spring root WebApplicationContext
14-Nov-2023 22:41:53.279 INFO [main] org.apache.catalina.core.ApplicationContext.log Initializing Spring DispatcherServlet 'dispatcher'
14-Nov-2023 22:47:31.764 INFO [Thread-2] org.apache.catalina.core.ApplicationContext.log Destroying Spring FrameworkServlet 'dispatcher'
14-Nov-2023 22:47:31.778 INFO [Thread-2] org.apache.catalina.core.ApplicationContext.log Closing Spring root WebApplicationContext
