27-Nov-2023 18:07:54.277 INFO [main] org.apache.catalina.core.ApplicationContext.log 3 Spring WebApplicationInitializers detected on classpath
27-Nov-2023 18:07:54.364 INFO [main] org.apache.catalina.core.ApplicationContext.log Initializing Spring root WebApplicationContext
27-Nov-2023 18:08:00.667 INFO [main] org.apache.catalina.core.ApplicationContext.log Initializing Spring DispatcherServlet 'dispatcher'
27-Nov-2023 18:34:01.488 INFO [Thread-2] org.apache.catalina.core.ApplicationContext.log Destroying Spring FrameworkServlet 'dispatcher'
27-Nov-2023 18:34:01.521 INFO [Thread-2] org.apache.catalina.core.ApplicationContext.log Closing Spring root WebApplicationContext
27-Nov-2023 18:34:07.298 INFO [main] org.apache.catalina.core.ApplicationContext.log 3 Spring WebApplicationInitializers detected on classpath
27-Nov-2023 18:34:07.391 INFO [main] org.apache.catalina.core.ApplicationContext.log Initializing Spring root WebApplicationContext
27-Nov-2023 18:34:13.462 INFO [main] org.apache.catalina.core.ApplicationContext.log Initializing Spring DispatcherServlet 'dispatcher'
27-Nov-2023 18:35:57.775 INFO [Thread-2] org.apache.catalina.core.ApplicationContext.log Destroying Spring FrameworkServlet 'dispatcher'
27-Nov-2023 18:35:57.802 INFO [Thread-2] org.apache.catalina.core.ApplicationContext.log Closing Spring root WebApplicationContext
27-Nov-2023 18:36:04.894 INFO [main] org.apache.catalina.core.ApplicationContext.log 3 Spring WebApplicationInitializers detected on classpath
27-Nov-2023 18:36:04.975 INFO [main] org.apache.catalina.core.ApplicationContext.log Initializing Spring root WebApplicationContext
27-Nov-2023 18:36:10.608 INFO [main] org.apache.catalina.core.ApplicationContext.log Initializing Spring DispatcherServlet 'dispatcher'
27-Nov-2023 18:40:15.721 INFO [Thread-2] org.apache.catalina.core.ApplicationContext.log Destroying Spring FrameworkServlet 'dispatcher'
27-Nov-2023 18:40:15.743 INFO [Thread-2] org.apache.catalina.core.ApplicationContext.log Closing Spring root WebApplicationContext
27-Nov-2023 18:40:23.239 INFO [main] org.apache.catalina.core.ApplicationContext.log 3 Spring WebApplicationInitializers detected on classpath
27-Nov-2023 18:40:23.318 INFO [main] org.apache.catalina.core.ApplicationContext.log Initializing Spring root WebApplicationContext
27-Nov-2023 18:40:28.796 INFO [main] org.apache.catalina.core.ApplicationContext.log Initializing Spring DispatcherServlet 'dispatcher'
27-Nov-2023 18:49:33.609 INFO [Thread-2] org.apache.catalina.core.ApplicationContext.log Destroying Spring FrameworkServlet 'dispatcher'
27-Nov-2023 18:49:33.641 INFO [Thread-2] org.apache.catalina.core.ApplicationContext.log Closing Spring root WebApplicationContext
27-Nov-2023 18:49:38.890 INFO [main] org.apache.catalina.core.ApplicationContext.log 3 Spring WebApplicationInitializers detected on classpath
27-Nov-2023 18:49:38.983 INFO [main] org.apache.catalina.core.ApplicationContext.log Initializing Spring root WebApplicationContext
27-Nov-2023 18:49:45.040 INFO [main] org.apache.catalina.core.ApplicationContext.log Initializing Spring DispatcherServlet 'dispatcher'
